2016-03-31 17:07:31,107 sd_apri.py[line:194] INFO start indicator_apriori
2016-03-31 17:07:36,338 sd_apri.py[line:235] INFO start apriori!
2016-03-31 17:15:18,463 sd_apri.py[line:183] INFO start sd_apri
2016-03-31 17:16:46,494 sd_apri.py[line:183] INFO start sd_apri
2016-03-31 17:18:37,954 sd_apri.py[line:183] INFO start sd_apri
2016-03-31 17:20:40,826 sd_apri.py[line:183] INFO start sd_apri
2016-03-31 17:25:06,020 sd_apri.py[line:194] INFO start indicator_apriori
2016-03-31 17:25:06,021 sd_apri.py[line:235] INFO start apriori!
2016-03-31 17:26:09,030 sd_apri.py[line:194] INFO start indicator_apriori
2016-03-31 17:26:09,031 sd_apri.py[line:235] INFO start apriori!
2016-03-31 17:26:49,780 sd_apri.py[line:194] INFO start indicator_apriori
2016-03-31 17:27:28,440 sd_apri.py[line:194] INFO start indicator_apriori
2016-03-31 17:28:00,254 sd_apri.py[line:235] INFO start apriori!
2016-03-31 17:29:02,892 sd_apri.py[line:194] INFO start indicator_apriori
2016-03-31 17:29:20,888 sd_apri.py[line:235] INFO start apriori!
2016-03-31 17:29:24,585 sd_apri.py[line:183] INFO start sd_apri
2016-03-31 17:30:31,036 sd_apri.py[line:194] INFO start indicator_apriori
2016-03-31 17:30:46,725 sd_apri.py[line:235] INFO start apriori!
2016-03-31 17:32:13,999 sd_apri.py[line:194] INFO start indicator_apriori
2016-03-31 17:32:17,382 sd_apri.py[line:235] INFO start apriori!
2016-03-31 17:33:01,969 sd_apri.py[line:194] INFO start indicator_apriori
2016-03-31 17:33:09,147 sd_apri.py[line:235] INFO start apriori!
2016-03-31 17:33:14,455 sd_apri.py[line:183] INFO start sd_apri
2016-03-31 17:34:19,216 sd_apri.py[line:194] INFO start indicator_apriori
2016-03-31 17:34:24,427 sd_apri.py[line:235] INFO start apriori!
2016-03-31 17:34:25,933 sd_apri.py[line:183] INFO start sd_apri
2016-03-31 17:44:29,540 sd_apri.py[line:194] INFO start indicator_apriori
2016-03-31 17:45:07,055 sd_apri.py[line:235] INFO start apriori!
2016-03-31 17:45:21,875 sd_apri.py[line:183] INFO start sd_apri
2016-03-31 17:48:36,621 sd_apri.py[line:196] INFO start indicator_apriori
2016-03-31 17:48:52,719 sd_apri.py[line:237] INFO start apriori!
2016-03-31 17:48:54,520 sd_apri.py[line:185] INFO start sd_apri
2016-03-31 17:51:11,624 sd_apri.py[line:197] INFO start indicator_apriori
2016-03-31 17:51:37,358 sd_apri.py[line:197] INFO start indicator_apriori
2016-03-31 17:56:51,643 sd_apri.py[line:238] INFO start apriori!
2016-03-31 17:56:52,950 sd_apri.py[line:186] INFO start sd_apri
2016-03-31 20:19:17,113 sd_apri.py[line:238] INFO start apriori!
2016-03-31 20:19:17,113 sd_apri.py[line:186] INFO start sd_apri
2016-04-01 08:20:50,957 sd_apri.py[line:178] INFO start indicator_apriori
2016-04-01 08:21:07,165 sd_apri.py[line:218] INFO start apriori!
2016-04-01 08:21:53,847 sd_apri.py[line:178] INFO start indicator_apriori
2016-04-01 08:22:25,847 sd_apri.py[line:218] INFO start apriori!
2016-04-01 08:23:09,124 sd_apri.py[line:178] INFO start indicator_apriori
2016-04-01 08:23:27,427 sd_apri.py[line:218] INFO start apriori!
2016-04-01 08:23:29,835 sd_apri.py[line:168] INFO start sd_apri
2016-04-01 08:35:59,683 sd_apri.py[line:224] INFO apriori api has execute successfully
2016-04-01 08:53:24,435 sd_apri.py[line:168] INFO start sd_apri
2016-04-01 09:00:00,404 sd_apri.py[line:168] INFO start sd_apri
2016-04-01 09:08:35,317 sd_apri.py[line:168] INFO start sd_apri
2016-04-01 09:25:00,705 sd_apri.py[line:167] INFO start sd_apri
2016-04-01 09:31:21,960 sd_apri.py[line:167] INFO start sd_apri
2016-04-01 09:45:15,699 sd_apri.py[line:167] INFO start sd_apri
2016-04-01 09:47:04,815 sd_apri.py[line:167] INFO start sd_apri
2016-04-01 10:27:18,899 sd_apri.py[line:167] INFO start sd_apri
2016-04-01 10:44:13,629 sd_apri.py[line:167] INFO start sd_apri
2016-04-01 10:49:19,921 sd_apri.py[line:167] INFO start sd_apri
2016-04-01 10:53:08,438 sd_apri.py[line:167] INFO start sd_apri
2016-04-01 10:54:49,886 sd_apri.py[line:167] INFO start sd_apri
2016-04-14 09:27:46,168 sd_apri.py[line:167] INFO start sd_apri
2016-04-14 10:25:25,608 sd_apri.py[line:167] INFO start sd_apri
2016-04-14 10:25:30,572 sd_apri.py[line:167] INFO start sd_apri
2016-04-14 10:25:37,410 sd_apri.py[line:167] INFO start sd_apri
2016-04-19 09:50:52,778 sd_apri.py[line:167] INFO start sd_apri
2016-04-19 09:50:56,967 sd_apri.py[line:167] INFO start sd_apri
2016-04-19 11:15:37,385 sd_apri.py[line:167] INFO start sd_apri
2016-04-25 10:08:58,069 sd_apri.py[line:167] INFO start sd_apri
2016-04-25 10:09:11,848 sd_apri.py[line:167] INFO start sd_apri
2016-04-27 09:48:40,648 sd_apri.py[line:167] INFO start sd_apri
2016-04-27 09:48:51,950 sd_apri.py[line:167] INFO start sd_apri
2016-04-27 09:49:16,167 sd_apri.py[line:167] INFO start sd_apri
2016-05-05 08:36:02,246 sd_apri.py[line:167] INFO start sd_apri
2016-05-05 08:36:13,219 sd_apri.py[line:167] INFO start sd_apri
2016-05-05 08:36:19,961 sd_apri.py[line:167] INFO start sd_apri
2016-05-05 08:36:25,421 sd_apri.py[line:167] INFO start sd_apri
2016-05-05 08:36:36,247 sd_apri.py[line:167] INFO start sd_apri
2016-05-05 08:36:45,696 sd_apri.py[line:167] INFO start sd_apri
2016-05-05 08:42:29,519 sd_apri.py[line:167] INFO start sd_apri
2016-05-05 08:42:42,319 sd_apri.py[line:167] INFO start sd_apri
2016-05-05 08:42:50,519 sd_apri.py[line:167] INFO start sd_apri
2016-05-05 08:44:28,927 sd_apri.py[line:167] INFO start sd_apri
2016-05-05 08:46:20,578 sd_apri.py[line:167] INFO start sd_apri
2016-05-05 08:46:54,170 sd_apri.py[line:167] INFO start sd_apri
2016-05-05 08:53:02,951 sd_apri.py[line:167] INFO start sd_apri
2016-05-05 09:00:55,960 sd_apri.py[line:167] INFO start sd_apri
2016-05-05 09:01:57,391 sd_apri.py[line:167] INFO start sd_apri
2016-05-05 09:09:26,750 sd_apri.py[line:167] INFO start sd_apri
2016-05-05 09:18:22,272 sd_apri.py[line:167] INFO start sd_apri
2016-05-05 09:18:40,414 sd_apri.py[line:167] INFO start sd_apri
2016-05-05 09:19:13,273 sd_apri.py[line:167] INFO start sd_apri
2016-05-05 09:19:23,213 sd_apri.py[line:167] INFO start sd_apri
2016-05-05 09:19:31,513 sd_apri.py[line:167] INFO start sd_apri
2016-05-05 09:20:15,397 sd_apri.py[line:167] INFO start sd_apri
2016-05-05 09:20:34,446 sd_apri.py[line:167] INFO start sd_apri
2016-05-05 09:20:51,038 sd_apri.py[line:167] INFO start sd_apri
2016-05-05 09:21:00,538 sd_apri.py[line:167] INFO start sd_apri
2016-05-05 09:21:08,838 sd_apri.py[line:167] INFO start sd_apri
2016-05-05 09:21:20,555 sd_apri.py[line:167] INFO start sd_apri
2016-05-05 10:08:30,578 sd_apri.py[line:167] INFO start sd_apri
2016-05-06 08:33:42,924 sd_apri.py[line:167] INFO start sd_apri
2016-05-06 08:33:57,157 sd_apri.py[line:167] INFO start sd_apri
2016-05-06 08:34:39,910 sd_apri.py[line:167] INFO start sd_apri
2016-05-06 08:34:50,940 sd_apri.py[line:167] INFO start sd_apri
2016-05-06 08:35:03,243 sd_apri.py[line:167] INFO start sd_apri
2016-05-06 08:35:15,895 sd_apri.py[line:167] INFO start sd_apri
2016-05-06 08:35:26,822 sd_apri.py[line:167] INFO start sd_apri
2016-05-06 08:35:43,739 sd_apri.py[line:167] INFO start sd_apri
2016-05-06 08:35:49,505 sd_apri.py[line:167] INFO start sd_apri
2016-05-09 14:26:52,796 sd_apri.py[line:167] INFO start sd_apri
2016-05-09 14:27:56,773 sd_apri.py[line:167] INFO start sd_apri
2016-05-09 14:28:08,049 sd_apri.py[line:167] INFO start sd_apri
2016-05-09 14:28:26,426 sd_apri.py[line:167] INFO start sd_apri
2016-05-12 09:18:05,506 sd_apri.py[line:167] INFO start sd_apri
2016-05-13 09:25:21,898 sd_apri.py[line:167] INFO start sd_apri
2016-05-13 09:50:23,599 sd_apri.py[line:167] INFO start sd_apri
2016-05-13 10:49:24,865 sd_apri.py[line:167] INFO start sd_apri
2016-05-13 11:40:38,507 sd_apri.py[line:167] INFO start sd_apri
2016-05-13 11:40:47,884 sd_apri.py[line:167] INFO start sd_apri
2016-05-13 13:47:57,096 sd_apri.py[line:167] INFO start sd_apri
2016-05-16 15:29:48,130 sd_apri.py[line:167] INFO start sd_apri
2016-05-17 15:38:09,384 sd_apri.py[line:167] INFO start sd_apri
2016-05-17 15:38:24,490 sd_apri.py[line:167] INFO start sd_apri
2016-05-17 15:39:07,286 sd_apri.py[line:167] INFO start sd_apri
2016-05-18 08:55:16,253 sd_apri.py[line:167] INFO start sd_apri
2016-05-18 08:56:01,793 sd_apri.py[line:167] INFO start sd_apri
2016-05-18 08:59:39,167 sd_apri.py[line:167] INFO start sd_apri
2016-05-18 09:10:53,213 sd_apri.py[line:167] INFO start sd_apri
2016-05-18 09:11:12,329 sd_apri.py[line:167] INFO start sd_apri
2016-05-18 09:11:27,923 sd_apri.py[line:167] INFO start sd_apri
2016-05-18 09:11:45,371 sd_apri.py[line:167] INFO start sd_apri
2016-05-18 09:12:07,046 sd_apri.py[line:167] INFO start sd_apri
2016-05-18 09:12:23,713 sd_apri.py[line:167] INFO start sd_apri
2016-05-18 10:59:00,122 sd_apri.py[line:167] INFO start sd_apri
2016-05-18 15:10:18,249 sd_apri.py[line:167] INFO start sd_apri
2016-05-18 15:43:13,075 sd_apri.py[line:167] INFO start sd_apri
2016-05-19 13:58:18,638 sd_apri.py[line:167] INFO start sd_apri
2016-05-19 14:01:49,960 sd_apri.py[line:167] INFO start sd_apri
2016-05-19 14:02:42,980 sd_apri.py[line:167] INFO start sd_apri
2016-05-19 14:04:08,900 sd_apri.py[line:167] INFO start sd_apri
2016-05-19 14:25:28,380 sd_apri.py[line:167] INFO start sd_apri
2016-05-19 15:59:26,164 sd_apri.py[line:167] INFO start sd_apri
2016-05-19 16:01:52,328 sd_apri.py[line:167] INFO start sd_apri
2016-05-19 16:41:03,298 sd_apri.py[line:167] INFO start sd_apri
2016-05-20 14:37:04,144 sd_apri.py[line:167] INFO start sd_apri
2016-05-20 14:38:45,851 sd_apri.py[line:167] INFO start sd_apri
2016-05-20 14:44:53,055 sd_apri.py[line:167] INFO start sd_apri
2016-05-20 14:45:08,233 sd_apri.py[line:167] INFO start sd_apri
2016-05-20 14:45:24,913 sd_apri.py[line:167] INFO start sd_apri
2016-05-20 14:45:48,430 sd_apri.py[line:167] INFO start sd_apri
2016-05-20 14:46:12,246 sd_apri.py[line:167] INFO start sd_apri
2016-05-20 14:46:33,088 sd_apri.py[line:167] INFO start sd_apri
2016-05-20 14:49:55,546 sd_apri.py[line:167] INFO start sd_apri
2016-05-20 14:50:06,148 sd_apri.py[line:167] INFO start sd_apri
2016-05-20 14:57:57,141 sd_apri.py[line:167] INFO start sd_apri
2016-05-20 15:05:13,289 sd_apri.py[line:167] INFO start sd_apri
2016-05-20 15:11:47,782 sd_apri.py[line:167] INFO start sd_apri
2016-05-23 16:56:43,769 sd_apri.py[line:167] INFO start sd_apri
2016-05-23 17:03:20,767 sd_apri.py[line:167] INFO start sd_apri
2016-05-23 17:03:37,144 sd_apri.py[line:167] INFO start sd_apri
2016-05-23 17:03:52,993 sd_apri.py[line:167] INFO start sd_apri
2016-05-23 17:04:13,394 sd_apri.py[line:167] INFO start sd_apri
2016-05-23 17:04:33,269 sd_apri.py[line:167] INFO start sd_apri
2016-05-24 11:20:23,924 sd_apri.py[line:167] INFO start sd_apri
2016-05-24 14:11:03,342 sd_apri.py[line:167] INFO start sd_apri
2016-05-24 14:47:26,739 sd_apri.py[line:167] INFO start sd_apri
2016-05-24 14:48:14,723 sd_apri.py[line:167] INFO start sd_apri
2016-05-24 16:49:28,306 sd_apri.py[line:167] INFO start sd_apri
2016-05-25 14:14:54,740 sd_apri.py[line:167] INFO start sd_apri
2016-05-25 14:56:48,039 sd_apri.py[line:167] INFO start sd_apri
2016-05-25 15:04:55,592 sd_apri.py[line:167] INFO start sd_apri
2016-05-30 15:30:50,688 sd_apri.py[line:167] INFO start sd_apri
2016-05-30 15:31:34,697 sd_apri.py[line:167] INFO start sd_apri
2016-05-30 15:32:01,980 sd_apri.py[line:167] INFO start sd_apri
2016-05-30 15:32:25,397 sd_apri.py[line:167] INFO start sd_apri
2016-05-30 15:34:34,908 sd_apri.py[line:167] INFO start sd_apri
2016-05-30 15:35:18,260 sd_apri.py[line:167] INFO start sd_apri
2016-05-30 15:35:31,256 sd_apri.py[line:167] INFO start sd_apri
2016-05-30 15:35:44,391 sd_apri.py[line:167] INFO start sd_apri
2016-05-30 15:35:54,280 sd_apri.py[line:167] INFO start sd_apri
2016-05-30 15:36:04,967 sd_apri.py[line:167] INFO start sd_apri
2016-05-30 15:36:37,197 sd_apri.py[line:167] INFO start sd_apri
2016-05-30 15:36:49,318 sd_apri.py[line:167] INFO start sd_apri
2016-05-30 15:37:00,753 sd_apri.py[line:167] INFO start sd_apri
2016-05-30 15:38:36,895 sd_apri.py[line:167] INFO start sd_apri
2016-05-30 15:38:47,316 sd_apri.py[line:167] INFO start sd_apri
2016-05-30 15:41:46,982 sd_apri.py[line:167] INFO start sd_apri
2016-05-30 15:42:41,926 sd_apri.py[line:167] INFO start sd_apri
2016-05-30 15:43:35,371 sd_apri.py[line:167] INFO start sd_apri
2016-05-30 15:43:53,311 sd_apri.py[line:167] INFO start sd_apri
2016-05-30 15:44:08,147 sd_apri.py[line:167] INFO start sd_apri
2016-05-30 15:44:27,319 sd_apri.py[line:167] INFO start sd_apri
2016-05-30 15:44:48,098 sd_apri.py[line:167] INFO start sd_apri
2016-05-30 15:45:18,644 sd_apri.py[line:167] INFO start sd_apri
2016-05-30 15:47:13,585 sd_apri.py[line:167] INFO start sd_apri
2016-05-30 15:47:31,040 sd_apri.py[line:167] INFO start sd_apri
2016-05-31 10:04:21,196 sd_apri.py[line:167] INFO start sd_apri
2016-06-06 09:11:02,680 sd_apri.py[line:167] INFO start sd_apri
2016-06-07 10:29:47,838 sd_apri.py[line:167] INFO start sd_apri
2016-06-07 10:36:00,220 sd_apri.py[line:167] INFO start sd_apri
2016-06-07 10:36:53,253 sd_apri.py[line:167] INFO start sd_apri
2016-06-07 10:50:14,240 sd_apri.py[line:167] INFO start sd_apri
2016-06-07 10:51:29,282 sd_apri.py[line:167] INFO start sd_apri
2016-06-07 10:58:47,905 sd_apri.py[line:167] INFO start sd_apri
2016-06-07 11:02:12,936 sd_apri.py[line:167] INFO start sd_apri
2016-06-07 11:02:20,062 sd_apri.py[line:167] INFO start sd_apri
2016-06-07 11:16:52,089 sd_apri.py[line:167] INFO start sd_apri
2016-06-07 11:18:30,134 sd_apri.py[line:167] INFO start sd_apri
2016-06-07 11:29:54,765 sd_apri.py[line:167] INFO start sd_apri
2016-06-08 15:42:58,078 sd_apri.py[line:167] INFO start sd_apri
2016-06-08 17:07:45,398 sd_apri.py[line:167] INFO start sd_apri
2016-06-08 17:16:35,078 sd_apri.py[line:167] INFO start sd_apri
2016-06-08 17:16:43,042 sd_apri.py[line:167] INFO start sd_apri
2016-06-13 14:48:18,454 sd_apri.py[line:167] INFO start sd_apri
2016-06-15 11:11:00,530 sd_apri.py[line:167] INFO start sd_apri
2016-06-15 11:12:30,069 sd_apri.py[line:167] INFO start sd_apri
2016-06-15 11:16:45,437 sd_apri.py[line:167] INFO start sd_apri
2016-06-15 11:17:13,131 sd_apri.py[line:167] INFO start sd_apri
2016-06-16 16:30:21,015 sd_apri.py[line:167] INFO start sd_apri
2016-06-16 16:32:14,680 sd_apri.py[line:167] INFO start sd_apri
2016-06-16 16:34:26,813 sd_apri.py[line:167] INFO start sd_apri
2016-06-20 11:04:18,457 sd_apri.py[line:167] INFO start sd_apri
2016-06-20 11:07:42,039 sd_apri.py[line:167] INFO start sd_apri
2016-06-21 15:35:48,303 sd_apri.py[line:167] INFO start sd_apri
2016-06-21 15:38:40,335 sd_apri.py[line:167] INFO start sd_apri
2016-06-21 15:39:26,701 sd_apri.py[line:167] INFO start sd_apri
2016-06-21 15:39:39,710 sd_apri.py[line:167] INFO start sd_apri
2016-06-21 15:39:48,960 sd_apri.py[line:167] INFO start sd_apri
2016-06-21 15:39:57,299 sd_apri.py[line:167] INFO start sd_apri
2016-06-21 15:40:18,951 sd_apri.py[line:167] INFO start sd_apri
2016-06-22 16:54:34,710 sd_apri.py[line:167] INFO start sd_apri
2016-06-30 10:58:05,019 sd_apri.py[line:167] INFO start sd_apri
2016-06-30 10:58:15,585 sd_apri.py[line:167] INFO start sd_apri
2016-06-30 10:58:23,802 sd_apri.py[line:167] INFO start sd_apri
2016-06-30 10:58:46,427 sd_apri.py[line:167] INFO start sd_apri
2016-06-30 11:01:12,617 sd_apri.py[line:167] INFO start sd_apri
2016-06-30 11:01:34,996 sd_apri.py[line:167] INFO start sd_apri
2016-06-30 11:01:46,334 sd_apri.py[line:167] INFO start sd_apri
2016-06-30 11:41:02,502 sd_apri.py[line:167] INFO start sd_apri
2016-06-30 11:42:33,865 sd_apri.py[line:167] INFO start sd_apri
2016-06-30 11:42:57,599 sd_apri.py[line:167] INFO start sd_apri
2016-06-30 11:45:09,121 sd_apri.py[line:167] INFO start sd_apri
2016-06-30 11:47:01,532 sd_apri.py[line:167] INFO start sd_apri
2016-06-30 11:48:11,721 sd_apri.py[line:167] INFO start sd_apri
2016-06-30 11:49:12,515 sd_apri.py[line:167] INFO start sd_apri
2016-06-30 13:08:42,894 sd_apri.py[line:167] INFO start sd_apri
2016-06-30 13:09:01,631 sd_apri.py[line:167] INFO start sd_apri
2016-06-30 13:09:10,006 sd_apri.py[line:167] INFO start sd_apri
2016-06-30 13:09:25,188 sd_apri.py[line:167] INFO start sd_apri
2016-06-30 13:13:19,098 sd_apri.py[line:167] INFO start sd_apri
2016-06-30 13:16:11,035 sd_apri.py[line:167] INFO start sd_apri
2016-06-30 13:18:41,346 sd_apri.py[line:167] INFO start sd_apri
2016-06-30 13:19:35,086 sd_apri.py[line:167] INFO start sd_apri
2016-06-30 13:25:24,302 sd_apri.py[line:167] INFO start sd_apri
2016-06-30 13:25:58,778 sd_apri.py[line:167] INFO start sd_apri
2016-06-30 13:27:31,244 sd_apri.py[line:167] INFO start sd_apri
2016-06-30 13:27:40,585 sd_apri.py[line:167] INFO start sd_apri
2016-06-30 13:32:02,051 sd_apri.py[line:167] INFO start sd_apri
2016-06-30 13:38:09,763 sd_apri.py[line:167] INFO start sd_apri
2016-06-30 13:39:15,755 sd_apri.py[line:167] INFO start sd_apri
2016-06-30 13:40:39,756 sd_apri.py[line:167] INFO start sd_apri
2016-06-30 13:45:43,905 sd_apri.py[line:167] INFO start sd_apri
2016-06-30 13:45:53,438 sd_apri.py[line:167] INFO start sd_apri
2016-06-30 13:46:05,255 sd_apri.py[line:167] INFO start sd_apri
2016-06-30 14:51:34,970 sd_apri.py[line:167] INFO start sd_apri
2016-06-30 14:51:42,180 sd_apri.py[line:167] INFO start sd_apri
2016-07-11 11:38:11,957 sd_apri.py[line:167] INFO start sd_apri
2016-07-18 09:54:11,203 sd_apri.py[line:167] INFO start sd_apri
2016-07-18 09:54:50,528 sd_apri.py[line:167] INFO start sd_apri
2016-07-18 09:56:13,992 sd_apri.py[line:167] INFO start sd_apri
2016-07-18 09:59:36,884 sd_apri.py[line:167] INFO start sd_apri
2016-07-29 10:10:18,654 sd_apri.py[line:167] INFO start sd_apri
2016-07-29 10:12:15,239 sd_apri.py[line:167] INFO start sd_apri
2016-07-29 10:12:26,911 sd_apri.py[line:167] INFO start sd_apri
2016-07-29 10:13:32,931 sd_apri.py[line:167] INFO start sd_apri
2016-07-29 10:14:56,835 sd_apri.py[line:167] INFO start sd_apri
2016-07-29 10:15:55,915 sd_apri.py[line:167] INFO start sd_apri
2016-07-29 10:16:04,868 sd_apri.py[line:167] INFO start sd_apri
2016-07-29 11:24:55,901 sd_apri.py[line:167] INFO start sd_apri
2016-07-29 11:27:25,966 sd_apri.py[line:167] INFO start sd_apri
2016-07-29 11:28:00,016 sd_apri.py[line:167] INFO start sd_apri
2016-07-29 11:28:45,526 sd_apri.py[line:167] INFO start sd_apri
2016-07-29 11:29:21,371 sd_apri.py[line:167] INFO start sd_apri
2016-07-29 11:29:29,786 sd_apri.py[line:167] INFO start sd_apri
2016-07-29 11:29:48,788 sd_apri.py[line:167] INFO start sd_apri
2016-07-29 11:30:20,549 sd_apri.py[line:167] INFO start sd_apri
2016-08-04 13:39:22,736 sd_apri.py[line:167] INFO start sd_apri
2016-08-04 13:40:23,878 sd_apri.py[line:167] INFO start sd_apri
2016-08-04 13:49:57,759 sd_apri.py[line:167] INFO start sd_apri
2016-08-04 16:33:00,078 sd_apri.py[line:167] INFO start sd_apri
2016-08-18 17:39:33,719 sd_apri.py[line:167] INFO start sd_apri
2016-08-18 17:39:46,473 sd_apri.py[line:167] INFO start sd_apri
2016-08-18 17:39:58,092 sd_apri.py[line:167] INFO start sd_apri
2016-08-18 17:42:02,602 sd_apri.py[line:167] INFO start sd_apri
2016-08-18 17:42:40,533 sd_apri.py[line:167] INFO start sd_apri
2016-08-18 17:43:22,170 sd_apri.py[line:167] INFO start sd_apri
2016-08-18 17:43:38,467 sd_apri.py[line:167] INFO start sd_apri
2016-08-18 17:44:05,519 sd_apri.py[line:167] INFO start sd_apri
2016-08-18 17:45:02,822 sd_apri.py[line:167] INFO start sd_apri
2016-08-18 17:45:14,072 sd_apri.py[line:167] INFO start sd_apri
2016-08-18 17:45:32,088 sd_apri.py[line:167] INFO start sd_apri
2016-08-18 17:45:41,282 sd_apri.py[line:167] INFO start sd_apri
2016-08-18 17:45:50,730 sd_apri.py[line:167] INFO start sd_apri
2016-08-18 17:45:57,282 sd_apri.py[line:167] INFO start sd_apri
2016-08-18 17:46:11,358 sd_apri.py[line:167] INFO start sd_apri
2016-08-18 17:46:23,384 sd_apri.py[line:167] INFO start sd_apri
2016-09-21 08:56:35,996 sd_apri.py[line:167] INFO start sd_apri
2016-09-21 08:58:48,328 sd_apri.py[line:167] INFO start sd_apri
2016-09-21 08:59:46,561 sd_apri.py[line:167] INFO start sd_apri
2016-09-21 09:00:47,913 sd_apri.py[line:167] INFO start sd_apri
2016-09-21 09:15:12,118 sd_apri.py[line:167] INFO start sd_apri
2016-09-21 09:17:56,426 sd_apri.py[line:167] INFO start sd_apri
2016-09-21 15:38:00,552 sd_apri.py[line:167] INFO start sd_apri
2016-09-28 16:28:45,750 sd_apri.py[line:167] INFO start sd_apri
2016-09-29 11:50:23,111 sd_apri.py[line:167] INFO start sd_apri
2016-09-29 13:07:11,835 sd_apri.py[line:167] INFO start sd_apri
2016-09-30 16:10:32,891 sd_apri.py[line:167] INFO start sd_apri
2016-10-08 10:26:57,724 sd_apri.py[line:167] INFO start sd_apri
2016-10-08 10:27:51,523 sd_apri.py[line:167] INFO start sd_apri
2016-10-08 10:28:27,289 sd_apri.py[line:167] INFO start sd_apri
2016-10-08 10:29:38,463 sd_apri.py[line:167] INFO start sd_apri
2016-10-08 10:35:11,753 sd_apri.py[line:167] INFO start sd_apri
2016-10-08 10:35:28,460 sd_apri.py[line:167] INFO start sd_apri
2016-10-08 10:35:43,401 sd_apri.py[line:167] INFO start sd_apri
2016-10-08 15:24:49,301 sd_apri.py[line:167] INFO start sd_apri
2016-10-09 09:45:34,104 sd_apri.py[line:167] INFO start sd_apri
2016-10-09 09:45:47,039 sd_apri.py[line:167] INFO start sd_apri
2016-10-09 09:46:51,749 sd_apri.py[line:167] INFO start sd_apri
2016-10-09 11:03:50,046 sd_apri.py[line:167] INFO start sd_apri
2016-10-09 11:04:22,137 sd_apri.py[line:167] INFO start sd_apri
2016-10-09 11:06:18,727 sd_apri.py[line:167] INFO start sd_apri
2016-10-09 11:12:27,785 sd_apri.py[line:167] INFO start sd_apri
2016-10-09 16:53:33,201 sd_apri.py[line:167] INFO start sd_apri
2016-10-28 16:48:30,480 sd_apri.py[line:167] INFO start sd_apri
2016-11-01 09:33:42,914 sd_apri.py[line:167] INFO start sd_apri
2016-12-09 15:46:04,895 sd_apri.py[line:167] INFO start sd_apri
2016-12-20 09:00:37,115 sd_apri.py[line:167] INFO start sd_apri
2016-12-27 14:23:39,339 sd_apri.py[line:167] INFO start sd_apri
2017-01-05 14:48:37,266 sd_apri.py[line:167] INFO start sd_apri
2017-01-05 14:50:00,348 sd_apri.py[line:167] INFO start sd_apri
2017-02-14 17:29:48,604 sd_apri.py[line:167] INFO start sd_apri
2017-02-14 17:31:28,482 sd_apri.py[line:167] INFO start sd_apri
2017-02-15 08:37:06,596 sd_apri.py[line:167] INFO start sd_apri
2017-02-15 08:44:13,209 sd_apri.py[line:167] INFO start sd_apri
2017-02-15 08:44:33,750 sd_apri.py[line:167] INFO start sd_apri
2017-02-15 08:45:24,002 sd_apri.py[line:167] INFO start sd_apri
2017-02-15 08:45:52,404 sd_apri.py[line:167] INFO start sd_apri
2017-02-15 08:51:08,963 sd_apri.py[line:167] INFO start sd_apri
2017-02-15 08:52:46,062 sd_apri.py[line:167] INFO start sd_apri
2017-02-15 08:53:23,954 sd_apri.py[line:167] INFO start sd_apri
2017-02-15 08:53:56,553 sd_apri.py[line:167] INFO start sd_apri
2017-02-15 08:57:12,642 sd_apri.py[line:167] INFO start sd_apri
2017-02-15 08:59:25,548 sd_apri.py[line:167] INFO start sd_apri
2017-02-15 10:10:58,558 sd_apri.py[line:167] INFO start sd_apri
2017-02-15 10:12:03,058 sd_apri.py[line:167] INFO start sd_apri
2017-02-15 10:27:20,928 sd_apri.py[line:167] INFO start sd_apri
2017-02-15 10:35:07,737 sd_apri.py[line:167] INFO start sd_apri
2017-02-17 10:48:05,967 sd_apri.py[line:167] INFO start sd_apri
2017-02-17 10:48:20,319 sd_apri.py[line:167] INFO start sd_apri
2017-02-17 10:48:25,122 sd_apri.py[line:167] INFO start sd_apri
2017-03-17 13:16:54,220 sd_apri.py[line:167] INFO start sd_apri
2017-04-12 11:49:17,078 sd_apri.py[line:167] INFO start sd_apri
