2015-12-09 21:06:43,978 sd_pca.py[line:56] INFO start sd_pca
2015-12-10 10:13:09,430 sd_pca.py[line:56] INFO start sd_pca
2015-12-10 10:24:16,857 sd_pca.py[line:56] INFO start sd_pca
2015-12-10 10:24:21,285 sd_pca.py[line:48] INFO selected area:北京市 天津市 山西省 河北省
2015-12-10 10:24:26,770 sd_pca.py[line:76] INFO cleaned  area:北京市 天津市 山西省 河北省
2015-12-10 10:24:27,578 sd_pca.py[line:77] INFO selected indi:GDP 第一产业增加值 第三产业增加值 第二产业增加值
2015-12-10 16:24:57,434 sd_pca.py[line:50] INFO start sd_pca
2015-12-10 16:24:58,566 sd_pca.py[line:43] INFO selected area:北京市 天津市 山西省 河北省
2015-12-10 16:25:02,441 sd_pca.py[line:65] INFO cleaned  area:北京市 天津市 山西省 河北省
2015-12-10 16:25:02,638 sd_pca.py[line:66] INFO selected indi:GDP 第一产业增加值 第三产业增加值 第二产业增加值
2015-12-14 16:34:23,910 sd_pca.py[line:50] INFO start sd_pca
2015-12-14 16:34:49,171 sd_pca.py[line:50] INFO start sd_pca
2015-12-14 16:39:37,895 sd_pca.py[line:50] INFO start sd_pca
2015-12-18 09:47:04,582 sd_pca.py[line:50] INFO start sd_pca
2015-12-18 09:48:18,720 sd_pca.py[line:50] INFO start sd_pca
2015-12-18 10:05:05,343 sd_pca.py[line:50] INFO start sd_pca
2015-12-18 10:34:42,479 sd_pca.py[line:50] INFO start sd_pca
2015-12-18 11:29:38,704 sd_pca.py[line:50] INFO start sd_pca
2015-12-18 11:30:05,110 sd_pca.py[line:50] INFO start sd_pca
2015-12-24 15:34:06,499 sd_pca.py[line:50] INFO start sd_pca
2015-12-24 15:55:40,780 sd_pca.py[line:50] INFO start sd_pca
2015-12-24 16:08:34,397 sd_pca.py[line:50] INFO start sd_pca
2015-12-24 16:20:43,785 sd_pca.py[line:50] INFO start sd_pca
2015-12-24 16:21:02,464 sd_pca.py[line:50] INFO start sd_pca
2015-12-24 16:21:07,311 sd_pca.py[line:50] INFO start sd_pca
2015-12-24 16:23:45,213 sd_pca.py[line:50] INFO start sd_pca
2015-12-24 16:24:00,534 sd_pca.py[line:50] INFO start sd_pca
2015-12-24 16:40:29,329 sd_pca.py[line:50] INFO start sd_pca
2015-12-24 16:49:23,239 sd_pca.py[line:50] INFO start sd_pca
2015-12-24 16:53:25,745 sd_pca.py[line:50] INFO start sd_pca
2015-12-24 16:53:36,486 sd_pca.py[line:50] INFO start sd_pca
2015-12-24 16:54:16,571 sd_pca.py[line:50] INFO start sd_pca
2015-12-24 16:55:05,869 sd_pca.py[line:50] INFO start sd_pca
2015-12-24 17:01:33,289 sd_pca.py[line:50] INFO start sd_pca
2015-12-24 17:07:26,549 sd_pca.py[line:50] INFO start sd_pca
2015-12-24 17:14:51,788 sd_pca.py[line:50] INFO start sd_pca
2015-12-25 11:04:27,426 sd_pca.py[line:50] INFO start sd_pca
2016-01-06 08:17:01,819 sd_pca.py[line:50] INFO start sd_pca
2016-01-06 13:06:03,892 sd_pca.py[line:50] INFO start sd_pca
2016-01-06 13:06:05,125 sd_pca.py[line:43] INFO selected area:内蒙古 北京市 天津市 山西省 河北省
2016-01-06 13:06:10,711 sd_pca.py[line:65] INFO cleaned  area:内蒙古 北京市 天津市 山西省 河北省
2016-01-06 13:06:11,206 sd_pca.py[line:66] INFO selected indi:GDP 第一产业增加值 第三产业增加值 第二产业增加值
2016-01-06 13:53:26,388 sd_pca.py[line:50] INFO start sd_pca
2016-01-06 13:53:26,398 sd_pca.py[line:43] INFO selected area:内蒙古 北京市 天津市 山西省 河北省
2016-01-06 13:53:26,399 sd_pca.py[line:65] INFO cleaned  area:内蒙古 北京市 天津市 山西省 河北省
2016-01-06 13:53:26,399 sd_pca.py[line:66] INFO selected indi:GDP 第一产业增加值 第三产业增加值 第二产业增加值
2016-01-06 14:06:32,247 sd_pca.py[line:50] INFO start sd_pca
2016-01-06 14:06:32,263 sd_pca.py[line:43] INFO selected area:内蒙古 北京市 天津市 山西省 河北省
2016-01-06 14:06:32,264 sd_pca.py[line:65] INFO cleaned  area:内蒙古 北京市 天津市 山西省 河北省
2016-01-06 14:06:32,264 sd_pca.py[line:66] INFO selected indi:GDP 第一产业增加值 第三产业增加值 第二产业增加值
2016-01-06 14:06:48,135 sd_pca.py[line:50] INFO start sd_pca
2016-01-06 14:06:48,151 sd_pca.py[line:43] INFO selected area:内蒙古 北京市 天津市 山西省 河北省
2016-01-06 14:07:16,885 sd_pca.py[line:50] INFO start sd_pca
2016-01-06 14:07:16,895 sd_pca.py[line:43] INFO selected area:内蒙古 北京市 天津市 山西省 河北省
2016-01-06 14:07:16,896 sd_pca.py[line:65] INFO cleaned  area:内蒙古 北京市 天津市 山西省 河北省
2016-01-06 14:07:16,896 sd_pca.py[line:66] INFO selected indi:GDP 第一产业增加值 第三产业增加值 第二产业增加值
2016-01-06 15:03:43,239 sd_pca.py[line:50] INFO start sd_pca
2016-01-06 15:03:43,249 sd_pca.py[line:43] INFO selected area:内蒙古 北京市 天津市 山西省 河北省
2016-01-06 15:03:43,250 sd_pca.py[line:65] INFO cleaned  area:内蒙古 北京市 天津市 山西省 河北省
2016-01-06 15:03:43,250 sd_pca.py[line:66] INFO selected indi:GDP 第一产业增加值 第三产业增加值 第二产业增加值
2016-01-06 15:08:30,650 sd_pca.py[line:50] INFO start sd_pca
2016-01-06 15:08:30,663 sd_pca.py[line:43] INFO selected area:内蒙古 北京市 天津市 山西省 河北省
2016-01-06 15:08:30,665 sd_pca.py[line:65] INFO cleaned  area:内蒙古 北京市 天津市 山西省 河北省
2016-01-06 15:08:30,665 sd_pca.py[line:66] INFO selected indi:GDP 第一产业增加值 第三产业增加值 第二产业增加值
2016-05-05 15:00:27,950 sd_pca.py[line:50] INFO start sd_pca
2016-05-05 15:00:27,971 sd_pca.py[line:43] INFO selected area:中国 北京市
2016-05-05 15:00:27,973 sd_pca.py[line:69] INFO cleaned  area:中国 北京市
2016-05-05 15:00:27,973 sd_pca.py[line:70] INFO selected indi:GDP
2016-05-05 15:01:15,194 sd_pca.py[line:50] INFO start sd_pca
2016-05-05 15:01:15,206 sd_pca.py[line:43] INFO selected area:中国 天津市
2016-05-05 15:01:15,217 sd_pca.py[line:69] INFO cleaned  area:中国 天津市
2016-05-05 15:01:15,217 sd_pca.py[line:70] INFO selected indi:GDP GDP指数 人均GDP
2016-05-05 15:08:08,197 sd_pca.py[line:50] INFO start sd_pca
2016-05-05 15:08:08,210 sd_pca.py[line:43] INFO selected area:中国 天津市
2016-05-05 15:08:08,211 sd_pca.py[line:69] INFO cleaned  area:中国 天津市
2016-05-05 15:08:08,213 sd_pca.py[line:70] INFO selected indi:GDP GDP指数 人均GDP
2016-05-05 15:08:17,714 sd_pca.py[line:50] INFO start sd_pca
2016-05-05 15:08:17,726 sd_pca.py[line:43] INFO selected area:中国 天津市
2016-05-05 15:08:17,736 sd_pca.py[line:69] INFO cleaned  area:中国 天津市
2016-05-05 15:08:17,737 sd_pca.py[line:70] INFO selected indi:GDP GDP指数 人均GDP
2016-05-05 15:14:50,384 sd_pca.py[line:50] INFO start sd_pca
2016-05-05 15:14:50,394 sd_pca.py[line:43] INFO selected area:上海市 内蒙古 北京市 吉林省 天津市 山西省 江苏省 河北省 辽宁省 黑龙江
2016-05-05 15:14:50,398 sd_pca.py[line:69] INFO cleaned  area:上海市 内蒙古 北京市 吉林省 天津市 山西省 江苏省 河北省 辽宁省 黑龙江
2016-05-05 15:14:50,398 sd_pca.py[line:70] INFO selected indi:GDP GDP增长率 GDP指数 人均GDP 人均GDP增长率 人均GDP指数 第一产业增加值 第三产业增加值 第二产业占GDP比重 第二产业增加值
2016-05-13 11:02:35,484 sd_pca.py[line:50] INFO start sd_pca
2016-05-13 11:02:35,496 sd_pca.py[line:43] INFO selected area:中国 内蒙古 天津市 山西省 河北省
2016-05-13 11:02:35,499 sd_pca.py[line:69] INFO cleaned  area:中国 内蒙古 天津市 山西省 河北省
2016-05-13 11:02:35,499 sd_pca.py[line:70] INFO selected indi:GDP GDP指数
2016-05-13 13:16:11,871 sd_pca.py[line:50] INFO start sd_pca
2016-05-13 13:16:11,882 sd_pca.py[line:43] INFO selected area:中国 内蒙古 北京市 天津市 山西省 河北省
2016-05-13 13:16:11,884 sd_pca.py[line:69] INFO cleaned  area:中国 内蒙古 北京市 天津市 山西省 河北省
2016-05-13 13:16:11,885 sd_pca.py[line:70] INFO selected indi:GDP GDP指数
2016-05-13 13:53:03,713 sd_pca.py[line:50] INFO start sd_pca
2016-05-13 13:53:03,723 sd_pca.py[line:43] INFO selected area:中国 内蒙古 天津市 河北省
2016-05-13 13:53:03,724 sd_pca.py[line:69] INFO cleaned  area:中国 内蒙古 天津市 河北省
2016-05-13 13:53:03,726 sd_pca.py[line:70] INFO selected indi:第三产业增加值增长率 第二产业占GDP比重 第二产业增加值指数
2016-05-23 13:18:04,674 sd_pca.py[line:50] INFO start sd_pca
2016-05-23 13:18:04,684 sd_pca.py[line:43] INFO selected area:中国 天津市 河北省
2016-05-23 13:18:04,687 sd_pca.py[line:69] INFO cleaned  area:中国 天津市 河北省
2016-05-23 13:18:04,687 sd_pca.py[line:70] INFO selected indi:GDP GDP指数
2016-05-23 13:20:51,086 sd_pca.py[line:50] INFO start sd_pca
2016-05-23 13:20:51,094 sd_pca.py[line:43] INFO selected area:北京市 天津市
2016-05-23 13:20:51,095 sd_pca.py[line:69] INFO cleaned  area:北京市 天津市
2016-05-23 13:20:51,095 sd_pca.py[line:70] INFO selected indi:GDP GDP指数 人均GDP
2016-05-23 13:21:13,171 sd_pca.py[line:50] INFO start sd_pca
2016-05-23 13:21:13,184 sd_pca.py[line:43] INFO selected area:北京市 天津市 河北省
2016-05-23 13:21:13,187 sd_pca.py[line:69] INFO cleaned  area:北京市 天津市 河北省
2016-05-23 13:21:13,187 sd_pca.py[line:70] INFO selected indi:GDP GDP指数 人均GDP
2016-05-23 13:21:31,785 sd_pca.py[line:50] INFO start sd_pca
2016-05-23 13:21:31,796 sd_pca.py[line:43] INFO selected area:北京市 天津市 河北省
2016-05-23 13:21:31,799 sd_pca.py[line:69] INFO cleaned  area:北京市 天津市 河北省
2016-05-23 13:21:31,799 sd_pca.py[line:70] INFO selected indi:GDP GDP指数 人均GDP
2016-05-23 13:22:11,805 sd_pca.py[line:50] INFO start sd_pca
2016-05-23 13:22:11,816 sd_pca.py[line:43] INFO selected area:北京市 天津市 河北省
2016-05-23 13:22:11,819 sd_pca.py[line:69] INFO cleaned  area:北京市 天津市 河北省
2016-05-23 13:22:11,819 sd_pca.py[line:70] INFO selected indi:GDP GDP指数 人均GDP
2016-05-23 13:23:09,711 sd_pca.py[line:50] INFO start sd_pca
2016-05-23 13:23:09,723 sd_pca.py[line:43] INFO selected area:北京市 天津市 河北省
2016-05-23 13:23:09,726 sd_pca.py[line:69] INFO cleaned  area:北京市 天津市 河北省
2016-05-23 13:23:09,726 sd_pca.py[line:70] INFO selected indi:GDP GDP指数 人均GDP
2016-05-23 13:34:17,401 sd_pca.py[line:50] INFO start sd_pca
2016-05-23 13:34:17,411 sd_pca.py[line:43] INFO selected area:中国 北京市 天津市
2016-05-23 13:34:17,414 sd_pca.py[line:69] INFO cleaned  area:中国 北京市 天津市
2016-05-23 13:34:17,414 sd_pca.py[line:70] INFO selected indi:GDP GDP增长率 GDP指数 人均GDP 人均GDP增长率
2016-05-24 16:17:45,763 sd_pca.py[line:50] INFO start sd_pca
2016-05-24 16:17:45,773 sd_pca.py[line:43] INFO selected area:中国 北京市 天津市
2016-05-24 16:17:45,776 sd_pca.py[line:69] INFO cleaned  area:中国 北京市 天津市
2016-05-24 16:17:45,776 sd_pca.py[line:70] INFO selected indi:GDP GDP指数 人均GDP
2016-06-06 09:24:30,030 sd_pca.py[line:50] INFO start sd_pca
2016-06-06 09:24:30,053 sd_pca.py[line:43] INFO selected area:北京市 天津市
2016-06-06 09:24:30,068 sd_pca.py[line:69] INFO cleaned  area:北京市 天津市
2016-06-06 09:24:30,069 sd_pca.py[line:70] INFO selected indi:GDP GDP指数 人均GDP
2016-06-07 11:28:37,763 sd_pca.py[line:50] INFO start sd_pca
2016-06-07 11:28:37,773 sd_pca.py[line:43] INFO selected area:中国 北京市
2016-06-07 11:28:37,776 sd_pca.py[line:69] INFO cleaned  area:中国 北京市
2016-06-07 11:28:37,776 sd_pca.py[line:70] INFO selected indi:GDP GDP指数 人均GDP
2016-06-15 10:34:17,187 sd_pca.py[line:50] INFO start sd_pca
2016-06-15 10:34:17,200 sd_pca.py[line:43] INFO selected area:中国 北京市 天津市
2016-06-15 10:34:17,201 sd_pca.py[line:69] INFO cleaned  area:中国 北京市 天津市
2016-06-15 10:34:17,201 sd_pca.py[line:70] INFO selected indi:GDP GDP增长率 GDP指数 人均GDP 人均GDP增长率 人均GDP指数
2016-06-15 15:33:33,880 sd_pca.py[line:50] INFO start sd_pca
2016-06-15 15:33:33,891 sd_pca.py[line:43] INFO selected area:北京市 天津市 山西省 河北省
2016-06-15 15:33:33,898 sd_pca.py[line:69] INFO cleaned  area:北京市 天津市 山西省 河北省
2016-06-15 15:33:33,898 sd_pca.py[line:70] INFO selected indi:GDP GDP指数 人均GDP 第一产业增加值 第三产业增加值 第二产业增加值
2016-06-16 10:17:01,605 sd_pca.py[line:50] INFO start sd_pca
2016-06-16 10:17:01,617 sd_pca.py[line:43] INFO selected area:中国 北京市 河北省
2016-06-16 10:17:01,618 sd_pca.py[line:69] INFO cleaned  area:中国 北京市 河北省
2016-06-16 10:17:01,618 sd_pca.py[line:70] INFO selected indi:人口出生率 人口死亡率 出生人口数 死亡人口数
2016-06-30 13:22:38,352 sd_pca.py[line:50] INFO start sd_pca
2016-06-30 13:22:38,365 sd_pca.py[line:43] INFO selected area:中国 天津市 山西省 河北省
2016-06-30 13:22:38,368 sd_pca.py[line:69] INFO cleaned  area:中国 天津市 山西省 河北省
2016-06-30 13:22:38,368 sd_pca.py[line:70] INFO selected indi:专利、应用得分 公司在研发上的投入得分 创新能力得分 可用的科学家和工程师得分 大学企业合作研发得分 学校的网络接入得分 政府对高新技术产品的投入得分 教师培训的广度得分 教育系统的质量得分 数学和科学教育的质量得分 特定训练服务的可用性得分 知识产权保护得分 科研机构的质量得分 管理学校的质量得分 高等教育入学率得分
2016-06-30 13:23:03,736 sd_pca.py[line:50] INFO start sd_pca
2016-06-30 13:23:03,747 sd_pca.py[line:43] INFO selected area:中国 天津市 山西省 河北省
2016-06-30 13:23:03,750 sd_pca.py[line:69] INFO cleaned  area:中国 天津市 山西省 河北省
2016-06-30 13:23:03,750 sd_pca.py[line:70] INFO selected indi:专利、应用得分 公司在研发上的投入得分 创新能力得分 可用的科学家和工程师得分 大学企业合作研发得分 学校的网络接入得分 政府对高新技术产品的投入得分 教师培训的广度得分 教育系统的质量得分 数学和科学教育的质量得分 特定训练服务的可用性得分 知识产权保护得分 科研机构的质量得分 管理学校的质量得分 高等教育入学率得分
2016-06-30 13:23:09,101 sd_pca.py[line:50] INFO start sd_pca
2016-06-30 13:23:09,111 sd_pca.py[line:43] INFO selected area:中国 天津市 山西省 河北省
2016-06-30 13:23:09,114 sd_pca.py[line:69] INFO cleaned  area:中国 天津市 山西省 河北省
2016-06-30 13:23:09,115 sd_pca.py[line:70] INFO selected indi:专利、应用得分 公司在研发上的投入得分 创新能力得分 可用的科学家和工程师得分 大学企业合作研发得分 学校的网络接入得分 政府对高新技术产品的投入得分 教师培训的广度得分 教育系统的质量得分 数学和科学教育的质量得分 特定训练服务的可用性得分 知识产权保护得分 科研机构的质量得分 管理学校的质量得分 高等教育入学率得分
2016-07-01 15:23:33,713 sd_pca.py[line:50] INFO start sd_pca
2016-07-01 15:23:33,726 sd_pca.py[line:43] INFO selected area:中国 天津市 河北省
2016-07-01 15:23:33,734 sd_pca.py[line:69] INFO cleaned  area:中国 天津市 河北省
2016-07-01 15:23:33,734 sd_pca.py[line:70] INFO selected indi:GDP 人均GDP 人均GDP指数
2016-07-01 15:24:06,831 sd_pca.py[line:50] INFO start sd_pca
2016-07-01 15:24:06,842 sd_pca.py[line:43] INFO selected area:中国 天津市 河北省
2016-07-01 15:24:06,844 sd_pca.py[line:69] INFO cleaned  area:中国 天津市 河北省
2016-07-01 15:24:06,844 sd_pca.py[line:70] INFO selected indi:GDP 人均GDP 人均GDP指数
2016-07-01 15:24:33,061 sd_pca.py[line:50] INFO start sd_pca
2016-07-01 15:24:33,072 sd_pca.py[line:43] INFO selected area:中国 北京市 天津市
2016-07-01 15:24:33,073 sd_pca.py[line:69] INFO cleaned  area:中国 北京市 天津市
2016-07-01 15:24:33,075 sd_pca.py[line:70] INFO selected indi:GDP 人均GDP 人均GDP指数 普通高中毕业生数
2016-07-01 15:37:35,700 sd_pca.py[line:50] INFO start sd_pca
2016-07-01 15:37:35,710 sd_pca.py[line:43] INFO selected area:中国 天津市 山西省 河北省
2016-07-01 15:37:35,713 sd_pca.py[line:69] INFO cleaned  area:中国 天津市 山西省 河北省
2016-07-01 15:37:35,713 sd_pca.py[line:70] INFO selected indi:GDP GDP指数 人均GDP 人均GDP指数
2016-07-26 11:36:39,403 sd_pca.py[line:50] INFO start sd_pca
2016-07-26 11:36:39,427 sd_pca.py[line:43] INFO selected area:内蒙古 北京市 天津市 山西省 河北省
2016-07-26 11:36:39,440 sd_pca.py[line:69] INFO cleaned  area:内蒙古 北京市 天津市 山西省 河北省
2016-07-26 11:36:39,441 sd_pca.py[line:70] INFO selected indi:GDP GDP增长率 GDP指数 人均GDP 人均GDP增长率 第一产业增加值 第二产业增加值
2016-08-04 13:57:29,328 sd_pca.py[line:50] INFO start sd_pca
2016-08-04 13:57:29,348 sd_pca.py[line:43] INFO selected area:中国 北京市 天津市 江西省
2016-08-04 13:57:29,369 sd_pca.py[line:69] INFO cleaned  area:中国 北京市 天津市 江西省
2016-08-04 13:57:29,371 sd_pca.py[line:70] INFO selected indi:GDP GDP增长率
2016-09-23 10:29:54,915 sd_pca.py[line:50] INFO start sd_pca
2016-09-23 10:29:54,927 sd_pca.py[line:43] INFO selected area:中国 北京市
2016-09-23 10:29:54,940 sd_pca.py[line:69] INFO cleaned  area:中国 北京市
2016-09-23 10:29:54,941 sd_pca.py[line:70] INFO selected indi:城区学前教育入园(班)人数 城区学前教育在园(班)人数 城区学前教育离园(班)人数
2016-10-13 10:55:30,197 sd_pca.py[line:50] INFO start sd_pca
2016-10-13 10:55:30,210 sd_pca.py[line:43] INFO selected area:中国 北京市
2016-10-13 10:55:30,211 sd_pca.py[line:69] INFO cleaned  area:中国 北京市
2016-10-13 10:55:30,213 sd_pca.py[line:70] INFO selected indi:GDP GDP增长率 GDP指数 人均GDP 人均GDP指数
2016-11-02 17:15:56,477 sd_pca.py[line:50] INFO start sd_pca
2016-11-02 17:15:56,490 sd_pca.py[line:43] INFO selected area:南京市 厦门市 哈尔滨市 大连市 宁波市 广州市 成都市 杭州市 武汉市 沈阳市 济南市 深圳市 西安市 长春市 青岛市
2016-11-02 17:15:56,538 sd_pca.py[line:69] INFO cleaned  area:南京市 厦门市 哈尔滨市 大连市 宁波市 广州市 成都市 杭州市 武汉市 沈阳市 济南市 深圳市 西安市 长春市 青岛市
2016-11-02 17:15:56,539 sd_pca.py[line:70] INFO selected indi:GDP增长率 专利申请数 人均公园绿地面积 人均地区生产总值 人均城市道路面积 全社会固定资产投资 公共图书馆数 地区生产总值 地方财政预算内支出 地方财政预算内收入 城乡居民储蓄年末余额 城市建区面积 城镇居民家庭人均可支配收入 客运总量 居民消费价格指数 居民生活用水 工业增加值 市区非农业人口 年末实有城市道路面积 年末金融机构存款余额 年末金融机构贷款余额 建成区绿化覆盖率 普通高校在校学生数 污水处理率 生活垃圾无害化处理率 研发经费总支出 社会消费品零售总额 科技活动人员数 第三产业占GDP的比重 第二产业占GDP的比重 货运总量 进出口总额 邮电业务总量
2016-11-02 17:19:50,045 sd_pca.py[line:50] INFO start sd_pca
2016-11-02 17:19:50,058 sd_pca.py[line:43] INFO selected area:南京市 厦门市 哈尔滨市 大连市 宁波市 广州市 成都市 杭州市 武汉市 沈阳市 济南市 深圳市 西安市 长春市 青岛市
2016-11-02 17:19:50,061 sd_pca.py[line:69] INFO cleaned  area:南京市 厦门市 哈尔滨市 大连市 宁波市 广州市 成都市 杭州市 武汉市 沈阳市 济南市 深圳市 西安市 长春市 青岛市
2016-11-02 17:19:50,062 sd_pca.py[line:70] INFO selected indi:GDP增长率 专利申请数 人均公园绿地面积 人均地区生产总值 人均城市道路面积 全社会固定资产投资 公共图书馆数 地区生产总值 地方财政预算内支出 地方财政预算内收入 城乡居民储蓄年末余额 城市建区面积 城镇居民家庭人均可支配收入 客运总量 居民消费价格指数 居民生活用水 工业增加值 市区非农业人口 年末实有城市道路面积 年末金融机构存款余额 年末金融机构贷款余额 建成区绿化覆盖率 普通高校在校学生数 污水处理率 生活垃圾无害化处理率 研发经费总支出 社会消费品零售总额 科技活动人员数 第三产业占GDP的比重 第二产业占GDP的比重 货运总量 进出口总额 邮电业务总量
2016-11-03 09:07:50,966 sd_pca.py[line:50] INFO start sd_pca
2016-11-03 09:07:50,980 sd_pca.py[line:43] INFO selected area:南京市 厦门市 哈尔滨市 大连市 宁波市 广州市 成都市 杭州市 武汉市 沈阳市 济南市 深圳市 西安市 长春市 青岛市
2016-11-03 09:07:50,983 sd_pca.py[line:69] INFO cleaned  area:南京市 厦门市 哈尔滨市 大连市 宁波市 广州市 成都市 杭州市 武汉市 沈阳市 济南市 深圳市 西安市 长春市 青岛市
2016-11-03 09:07:50,983 sd_pca.py[line:70] INFO selected indi:GDP增长率 专利申请数 人均公园绿地面积 人均地区生产总值 人均城市道路面积 全社会固定资产投资 公共图书馆数 地区生产总值 地方财政预算内支出 地方财政预算内收入 城乡居民储蓄年末余额 城市建区面积 城镇居民家庭人均可支配收入 客运总量 居民消费价格指数 居民生活用水 工业增加值 市区非农业人口 年末实有城市道路面积 年末金融机构存款余额 年末金融机构贷款余额 建成区绿化覆盖率 普通高校在校学生数 污水处理率 生活垃圾无害化处理率 研发经费总支出 社会消费品零售总额 科技活动人员数 第三产业占GDP的比重 第二产业占GDP的比重 货运总量 进出口总额 邮电业务总量
2016-11-03 09:08:14,319 sd_pca.py[line:50] INFO start sd_pca
2016-11-03 09:08:14,334 sd_pca.py[line:43] INFO selected area:南京市 厦门市 哈尔滨市 大连市 宁波市 广州市 成都市 杭州市 武汉市 沈阳市 济南市 深圳市 西安市 长春市 青岛市
2016-11-03 09:08:14,336 sd_pca.py[line:69] INFO cleaned  area:南京市 厦门市 哈尔滨市 大连市 宁波市 广州市 成都市 杭州市 武汉市 沈阳市 济南市 深圳市 西安市 长春市 青岛市
2016-11-03 09:08:14,336 sd_pca.py[line:70] INFO selected indi:GDP增长率 专利申请数 人均公园绿地面积 人均地区生产总值 人均城市道路面积 全社会固定资产投资 公共图书馆数 地区生产总值 地方财政预算内支出 地方财政预算内收入 城乡居民储蓄年末余额 城市建区面积 城镇居民家庭人均可支配收入 客运总量 居民消费价格指数 居民生活用水 工业增加值 市区非农业人口 年末实有城市道路面积 年末金融机构存款余额 年末金融机构贷款余额 建成区绿化覆盖率 普通高校在校学生数 污水处理率 生活垃圾无害化处理率 研发经费总支出 社会消费品零售总额 科技活动人员数 第三产业占GDP的比重 第二产业占GDP的比重 货运总量 进出口总额 邮电业务总量
2016-11-03 09:19:19,456 sd_pca.py[line:50] INFO start sd_pca
2016-11-03 09:19:19,470 sd_pca.py[line:43] INFO selected area:南京市 厦门市 哈尔滨市 大连市 宁波市 广州市 成都市 杭州市 武汉市 沈阳市 济南市 深圳市 西安市 长春市 青岛市
2016-11-03 09:19:19,471 sd_pca.py[line:69] INFO cleaned  area:南京市 厦门市 哈尔滨市 大连市 宁波市 广州市 成都市 杭州市 武汉市 沈阳市 济南市 深圳市 西安市 长春市 青岛市
2016-11-03 09:19:19,473 sd_pca.py[line:70] INFO selected indi:GDP增长率 专利申请数 人均公园绿地面积 人均地区生产总值 人均城市道路面积 全社会固定资产投资 公共图书馆数 地区生产总值 地方财政预算内支出 地方财政预算内收入 城乡居民储蓄年末余额 城市建区面积 城镇居民家庭人均可支配收入 客运总量 居民消费价格指数 居民生活用水 工业增加值 市区非农业人口 年末实有城市道路面积 年末金融机构存款余额 年末金融机构贷款余额 建成区绿化覆盖率 普通高校在校学生数 污水处理率 生活垃圾无害化处理率 研发经费总支出 社会消费品零售总额 科技活动人员数 第三产业占GDP的比重 第二产业占GDP的比重 货运总量 进出口总额 邮电业务总量
2016-11-08 17:16:09,342 sd_pca.py[line:50] INFO start sd_pca
2016-11-08 17:16:09,355 sd_pca.py[line:43] INFO selected area:上海市 内蒙古 北京市 吉林省 天津市 山东省 山西省 江苏省 江西省 河北省 浙江省 辽宁省 黑龙江
2016-11-08 17:16:09,357 sd_pca.py[line:69] INFO cleaned  area:上海市 内蒙古 北京市 吉林省 天津市 山东省 山西省 江苏省 江西省 河北省 浙江省 辽宁省 黑龙江
2016-11-08 17:16:09,357 sd_pca.py[line:70] INFO selected indi:初级专任教师 博士学历专任教师 教学、科研仪器设备资产 本科学历专任教师 硕士学历专任教师 计算机数 高校在校学生数
2016-11-08 17:16:34,512 sd_pca.py[line:50] INFO start sd_pca
2016-11-08 17:16:34,525 sd_pca.py[line:43] INFO selected area:上海市 云南省 内蒙古 北京市 吉林省 四川省 天津市 宁夏 安徽省 山东省 山西省 广东省 广西 新疆 江苏省 江西省 河北省 河南省 浙江省 海南省 湖北省 湖南省 甘肃省 福建省 西藏 贵州省 辽宁省 重庆市 陕西省 青海省 黑龙江
2016-11-08 17:16:34,528 sd_pca.py[line:69] INFO cleaned  area:上海市 云南省 内蒙古 北京市 吉林省 四川省 天津市 宁夏 安徽省 山东省 山西省 广东省 广西 新疆 江苏省 江西省 河北省 河南省 浙江省 海南省 湖北省 湖南省 甘肃省 福建省 西藏 贵州省 辽宁省 重庆市 陕西省 青海省 黑龙江
2016-11-08 17:16:34,528 sd_pca.py[line:70] INFO selected indi:初级专任教师 博士学历专任教师 教学、科研仪器设备资产 本科学历专任教师 硕士学历专任教师 计算机数 高校在校学生数
2016-11-08 17:17:09,651 sd_pca.py[line:50] INFO start sd_pca
2016-11-08 17:17:09,664 sd_pca.py[line:43] INFO selected area:上海市 云南省 内蒙古 北京市 吉林省 四川省 天津市 宁夏 安徽省 山东省 山西省 广东省 广西 新疆 江苏省 江西省 河北省 河南省 浙江省 海南省 湖北省 湖南省 甘肃省 福建省 西藏 贵州省 辽宁省 重庆市 陕西省 青海省 黑龙江
2016-11-08 17:17:09,698 sd_pca.py[line:69] INFO cleaned  area:上海市 云南省 内蒙古 北京市 吉林省 四川省 天津市 宁夏 安徽省 山东省 山西省 广东省 广西 新疆 江苏省 江西省 河北省 河南省 浙江省 海南省 湖北省 湖南省 甘肃省 福建省 西藏 贵州省 辽宁省 重庆市 陕西省 青海省 黑龙江
2016-11-08 17:17:09,700 sd_pca.py[line:70] INFO selected indi:专任教师 信息化设备资产值 占地面积 图书 学校产权建筑面积 学校数 教学、科研仪器设备资产 教室 教职工数 正高级专任教师 每十万人口高等学校平均在校生数 生均事业性经费支出 生均基本建设支出 生均教育经费支出 绿化用地面积 计算机数 运动场地面积
2016-11-08 17:18:13,438 sd_pca.py[line:50] INFO start sd_pca
2016-11-08 17:18:13,451 sd_pca.py[line:43] INFO selected area:上海市 内蒙古 北京市 吉林省 天津市 安徽省 山东省 山西省 江苏省 江西省 河北省 河南省 浙江省 湖北省 湖南省 福建省 辽宁省 黑龙江
2016-11-08 17:18:13,467 sd_pca.py[line:69] INFO cleaned  area:上海市 内蒙古 北京市 吉林省 天津市 安徽省 山东省 山西省 江苏省 江西省 河北省 河南省 浙江省 湖北省 湖南省 福建省 辽宁省 黑龙江
2016-11-08 17:18:13,467 sd_pca.py[line:70] INFO selected indi:专任教师 专科及以下学历专任教师 中级专任教师 信息化设备资产值 初级专任教师 博士学历专任教师 占地面积 图书 学校产权建筑面积 学校数 教学、科研仪器设备资产 教室 教职工数 无职称专任教师 普通高校生师比(教师人数=1) 本科学历专任教师 正高级专任教师 每十万人口高等学校平均在校生数 生均事业性经费支出 生均基本建设支出 生均教育经费支出 硕士学历专任教师 绿化用地面积 计算机数 运动场地面积 高校在校学生数
2016-11-08 17:21:01,987 sd_pca.py[line:50] INFO start sd_pca
2016-11-08 17:21:02,000 sd_pca.py[line:43] INFO selected area:上海市 内蒙古 北京市 吉林省 天津市 山西省 江苏省 河北省 浙江省 辽宁省 黑龙江
2016-11-08 17:21:02,002 sd_pca.py[line:69] INFO cleaned  area:上海市 内蒙古 北京市 吉林省 天津市 山西省 江苏省 河北省 浙江省 辽宁省 黑龙江
2016-11-08 17:21:02,003 sd_pca.py[line:70] INFO selected indi:人均地区生产总值 人均地区生产总值指数（上年=100） 初级专任教师 副高级专任教师 博士学历专任教师 固定资产值 图书 地区生产总值 地区生产总值指数（上年=100） 教学、科研仪器设备资产 教室 无职称专任教师 本科学历专任教师 每十万人口高等学校平均在校生数 生均事业性经费支出 生均教育经费支出 绿化用地面积 计算机数 高校在校学生数
2016-11-08 17:21:25,529 sd_pca.py[line:50] INFO start sd_pca
2016-11-08 17:21:25,543 sd_pca.py[line:43] INFO selected area:上海市 内蒙古 北京市 吉林省 四川省 天津市 安徽省 山东省 山西省 广东省 广西 江苏省 江西省 河北省 河南省 浙江省 海南省 湖北省 湖南省 福建省 辽宁省 重庆市 黑龙江
2016-11-08 17:21:25,548 sd_pca.py[line:69] INFO cleaned  area:上海市 内蒙古 北京市 吉林省 四川省 天津市 安徽省 山东省 山西省 广东省 广西 江苏省 江西省 河北省 河南省 浙江省 海南省 湖北省 湖南省 福建省 辽宁省 重庆市 黑龙江
2016-11-08 17:21:25,548 sd_pca.py[line:70] INFO selected indi:人均地区生产总值 人均地区生产总值指数（上年=100） 初级专任教师 副高级专任教师 博士学历专任教师 固定资产值 图书 地区生产总值 地区生产总值指数（上年=100） 教学、科研仪器设备资产 教室 无职称专任教师 本科学历专任教师 每十万人口高等学校平均在校生数 生均事业性经费支出 生均教育经费支出 绿化用地面积 计算机数 高校在校学生数
2016-11-08 17:21:42,693 sd_pca.py[line:50] INFO start sd_pca
2016-11-08 17:21:42,707 sd_pca.py[line:43] INFO selected area:上海市 云南省 内蒙古 北京市 吉林省 四川省 天津市 安徽省 山东省 山西省 广东省 广西 江苏省 江西省 河北省 河南省 浙江省 海南省 湖北省 湖南省 甘肃省 福建省 西藏 贵州省 辽宁省 重庆市 陕西省 青海省 黑龙江
2016-11-08 17:21:42,710 sd_pca.py[line:69] INFO cleaned  area:上海市 云南省 内蒙古 北京市 吉林省 四川省 天津市 安徽省 山东省 山西省 广东省 广西 江苏省 江西省 河北省 河南省 浙江省 海南省 湖北省 湖南省 甘肃省 福建省 西藏 贵州省 辽宁省 重庆市 陕西省 青海省 黑龙江
2016-11-08 17:21:42,711 sd_pca.py[line:70] INFO selected indi:人均地区生产总值 人均地区生产总值指数（上年=100） 初级专任教师 副高级专任教师 博士学历专任教师 固定资产值 图书 教学、科研仪器设备资产 教室 无职称专任教师 本科学历专任教师 每十万人口高等学校平均在校生数 生均事业性经费支出 生均教育经费支出 绿化用地面积 计算机数 高校在校学生数
2016-11-08 17:30:06,025 sd_pca.py[line:50] INFO start sd_pca
2016-11-08 17:30:06,042 sd_pca.py[line:43] INFO selected area:上海市 云南省 内蒙古 北京市 吉林省 四川省 天津市 安徽省 山东省 山西省 广东省 广西 江苏省 江西省 河北省 河南省 浙江省 海南省 湖北省 湖南省 福建省 西藏 贵州省 辽宁省 重庆市 陕西省 黑龙江
2016-11-08 17:30:06,045 sd_pca.py[line:69] INFO cleaned  area:上海市 云南省 内蒙古 北京市 吉林省 四川省 天津市 安徽省 山东省 山西省 广东省 广西 江苏省 江西省 河北省 河南省 浙江省 海南省 湖北省 湖南省 福建省 西藏 贵州省 辽宁省 重庆市 陕西省 黑龙江
2016-11-08 17:30:06,045 sd_pca.py[line:70] INFO selected indi:人均地区生产总值 人均地区生产总值指数（上年=100） 初级专任教师 副高级专任教师 博士学历专任教师 固定资产值 图书 地区生产总值 教学、科研仪器设备资产 教室 无职称专任教师 本科学历专任教师 每十万人口高等学校平均在校生数 生均事业性经费支出 生均教育经费支出 绿化用地面积 计算机数 高校在校学生数
2016-11-08 17:30:25,477 sd_pca.py[line:50] INFO start sd_pca
2016-11-08 17:30:25,490 sd_pca.py[line:43] INFO selected area:上海市 内蒙古 北京市 吉林省 四川省 天津市 安徽省 山东省 山西省 广东省 广西 江苏省 江西省 河北省 河南省 浙江省 海南省 湖北省 湖南省 福建省 辽宁省 重庆市 黑龙江
2016-11-08 17:30:25,493 sd_pca.py[line:69] INFO cleaned  area:上海市 内蒙古 北京市 吉林省 四川省 天津市 安徽省 山东省 山西省 广东省 广西 江苏省 江西省 河北省 河南省 浙江省 海南省 湖北省 湖南省 福建省 辽宁省 重庆市 黑龙江
2016-11-08 17:30:25,494 sd_pca.py[line:70] INFO selected indi:人均地区生产总值 人均地区生产总值指数（上年=100） 初级专任教师 副高级专任教师 博士学历专任教师 固定资产值 图书 地区生产总值 地区生产总值指数（上年=100） 教学、科研仪器设备资产 教室 无职称专任教师 本科学历专任教师 每十万人口高等学校平均在校生数 生均事业性经费支出 生均教育经费支出 绿化用地面积 计算机数 高校在校学生数
2016-11-08 17:30:42,269 sd_pca.py[line:50] INFO start sd_pca
2016-11-08 17:30:42,282 sd_pca.py[line:43] INFO selected area:上海市 云南省 内蒙古 北京市 吉林省 四川省 天津市 安徽省 山东省 山西省 广东省 广西 江苏省 江西省 河北省 河南省 浙江省 海南省 湖北省 湖南省 福建省 贵州省 辽宁省 重庆市 黑龙江
2016-11-08 17:30:42,288 sd_pca.py[line:69] INFO cleaned  area:上海市 云南省 内蒙古 北京市 吉林省 四川省 天津市 安徽省 山东省 山西省 广东省 广西 江苏省 江西省 河北省 河南省 浙江省 海南省 湖北省 湖南省 福建省 贵州省 辽宁省 重庆市 黑龙江
2016-11-08 17:30:42,289 sd_pca.py[line:70] INFO selected indi:人均地区生产总值 人均地区生产总值指数（上年=100） 初级专任教师 副高级专任教师 博士学历专任教师 固定资产值 图书 地区生产总值 地区生产总值指数（上年=100） 教学、科研仪器设备资产 教室 无职称专任教师 本科学历专任教师 每十万人口高等学校平均在校生数 生均事业性经费支出 生均教育经费支出 绿化用地面积 计算机数 高校在校学生数
2016-11-08 17:30:59,028 sd_pca.py[line:50] INFO start sd_pca
2016-11-08 17:30:59,042 sd_pca.py[line:43] INFO selected area:上海市 云南省 内蒙古 北京市 吉林省 四川省 天津市 安徽省 山东省 山西省 广东省 广西 江苏省 江西省 河北省 河南省 浙江省 海南省 湖北省 湖南省 福建省 西藏 贵州省 辽宁省 重庆市 陕西省 黑龙江
2016-11-08 17:30:59,045 sd_pca.py[line:69] INFO cleaned  area:上海市 云南省 内蒙古 北京市 吉林省 四川省 天津市 安徽省 山东省 山西省 广东省 广西 江苏省 江西省 河北省 河南省 浙江省 海南省 湖北省 湖南省 福建省 西藏 贵州省 辽宁省 重庆市 陕西省 黑龙江
2016-11-08 17:30:59,046 sd_pca.py[line:70] INFO selected indi:人均地区生产总值 人均地区生产总值指数（上年=100） 初级专任教师 副高级专任教师 博士学历专任教师 固定资产值 图书 地区生产总值 教学、科研仪器设备资产 教室 无职称专任教师 本科学历专任教师 每十万人口高等学校平均在校生数 生均事业性经费支出 生均教育经费支出 绿化用地面积 计算机数 高校在校学生数
2016-11-09 08:31:49,877 sd_pca.py[line:50] INFO start sd_pca
2016-11-09 08:31:49,888 sd_pca.py[line:43] INFO selected area:上海市 中国 云南省 内蒙古 北京市 吉林省 四川省 天津市 宁夏 安徽省 山东省 山西省 广东省 广西 新疆 江苏省 江西省 河北省 河南省 浙江省 海南省 湖北省 湖南省 甘肃省 福建省 西藏 贵州省 辽宁省 重庆市 陕西省 青海省 黑龙江
2016-11-09 08:44:21,394 sd_pca.py[line:50] INFO start sd_pca
2016-11-09 08:44:21,407 sd_pca.py[line:43] INFO selected area:内蒙古 北京市 吉林省 天津市 山西省 河北省 辽宁省
2016-11-09 08:44:21,410 sd_pca.py[line:69] INFO cleaned  area:内蒙古 北京市 吉林省 天津市 山西省 河北省 辽宁省
2016-11-09 08:44:21,410 sd_pca.py[line:70] INFO selected indi:初级专任教师 副高级专任教师 博士学历专任教师 地区生产总值 地区生产总值指数（上年=100） 本科学历专任教师
2016-11-09 08:46:00,062 sd_pca.py[line:50] INFO start sd_pca
2016-11-09 08:46:00,075 sd_pca.py[line:43] INFO selected area:上海市 云南省 内蒙古 北京市 吉林省 四川省 天津市 宁夏 安徽省 山东省 山西省 广东省 广西 新疆 江苏省 江西省 河北省 河南省 浙江省 海南省 湖北省 湖南省 甘肃省 福建省 西藏 贵州省 辽宁省 重庆市 陕西省 青海省 黑龙江
2016-11-09 08:46:00,078 sd_pca.py[line:69] INFO cleaned  area:上海市 云南省 内蒙古 北京市 吉林省 四川省 天津市 宁夏 安徽省 山东省 山西省 广东省 广西 新疆 江苏省 江西省 河北省 河南省 浙江省 海南省 湖北省 湖南省 甘肃省 福建省 西藏 贵州省 辽宁省 重庆市 陕西省 青海省 黑龙江
2016-11-09 08:46:00,078 sd_pca.py[line:70] INFO selected indi:初级专任教师 副高级专任教师 博士学历专任教师 地区生产总值 地区生产总值指数（上年=100） 本科学历专任教师
2016-11-09 08:46:52,653 sd_pca.py[line:50] INFO start sd_pca
2016-11-09 08:46:52,665 sd_pca.py[line:43] INFO selected area:上海市 云南省 内蒙古 北京市 吉林省 四川省 天津市 宁夏 安徽省 山东省 山西省 广东省 广西 新疆 江苏省 江西省 河北省 河南省 浙江省 海南省 湖北省 湖南省 甘肃省 福建省 西藏 贵州省 辽宁省 重庆市 陕西省 青海省 黑龙江
2016-11-09 08:46:52,668 sd_pca.py[line:69] INFO cleaned  area:上海市 云南省 内蒙古 北京市 吉林省 四川省 天津市 宁夏 安徽省 山东省 山西省 广东省 广西 新疆 江苏省 江西省 河北省 河南省 浙江省 海南省 湖北省 湖南省 甘肃省 福建省 西藏 贵州省 辽宁省 重庆市 陕西省 青海省 黑龙江
2016-11-09 08:46:52,670 sd_pca.py[line:70] INFO selected indi:专任教师 信息化设备资产值 占地面积 固定资产值 图书 学校产权建筑面积 学校数 教学、科研仪器设备资产 教室 教职工数 每十万人口高等学校平均在校生数 生均事业性经费支出 生均基本建设支出 生均教育经费支出 绿化用地面积 计算机数 运动场地面积
2016-11-09 08:47:13,582 sd_pca.py[line:50] INFO start sd_pca
2016-11-09 08:47:13,595 sd_pca.py[line:43] INFO selected area:上海市 云南省 内蒙古 北京市 吉林省 四川省 天津市 安徽省 山东省 山西省 广东省 广西 江苏省 江西省 河北省 河南省 浙江省 海南省 湖北省 湖南省 甘肃省 福建省 西藏 贵州省 辽宁省 重庆市 陕西省 青海省 黑龙江
2016-11-09 08:47:13,598 sd_pca.py[line:69] INFO cleaned  area:上海市 云南省 内蒙古 北京市 吉林省 四川省 天津市 安徽省 山东省 山西省 广东省 广西 江苏省 江西省 河北省 河南省 浙江省 海南省 湖北省 湖南省 甘肃省 福建省 西藏 贵州省 辽宁省 重庆市 陕西省 青海省 黑龙江
2016-11-09 08:47:13,598 sd_pca.py[line:70] INFO selected indi:初级专任教师 博士学历专任教师 地区生产总值 地区生产总值指数（上年=100） 本科学历专任教师
2016-11-09 08:47:47,832 sd_pca.py[line:50] INFO start sd_pca
2016-11-09 08:47:47,839 sd_pca.py[line:43] INFO selected area:上海市 云南省 内蒙古 北京市 吉林省 四川省 天津市 宁夏 安徽省 山东省 山西省 广东省 广西 新疆 江苏省 江西省 河北省 河南省 浙江省 海南省 湖北省 湖南省 甘肃省 福建省 西藏 贵州省 辽宁省 重庆市 陕西省 青海省 黑龙江
2016-11-09 08:47:47,841 sd_pca.py[line:69] INFO cleaned  area:上海市 云南省 内蒙古 北京市 吉林省 四川省 天津市 宁夏 安徽省 山东省 山西省 广东省 广西 新疆 江苏省 江西省 河北省 河南省 浙江省 海南省 湖北省 湖南省 甘肃省 福建省 西藏 贵州省 辽宁省 重庆市 陕西省 青海省 黑龙江
2016-11-09 08:47:47,842 sd_pca.py[line:70] INFO selected indi:初级专任教师 博士学历专任教师 地区生产总值 地区生产总值指数（上年=100） 本科学历专任教师
2016-11-09 08:48:04,983 sd_pca.py[line:50] INFO start sd_pca
2016-11-09 08:48:04,996 sd_pca.py[line:43] INFO selected area:上海市 云南省 内蒙古 北京市 吉林省 四川省 天津市 宁夏 安徽省 山东省 山西省 广东省 广西 新疆 江苏省 江西省 河北省 河南省 浙江省 海南省 湖北省 湖南省 甘肃省 福建省 西藏 贵州省 辽宁省 重庆市 陕西省 青海省 黑龙江
2016-11-09 08:48:04,999 sd_pca.py[line:69] INFO cleaned  area:上海市 云南省 内蒙古 北京市 吉林省 四川省 天津市 宁夏 安徽省 山东省 山西省 广东省 广西 新疆 江苏省 江西省 河北省 河南省 浙江省 海南省 湖北省 湖南省 甘肃省 福建省 西藏 贵州省 辽宁省 重庆市 陕西省 青海省 黑龙江
2016-11-09 08:48:04,999 sd_pca.py[line:70] INFO selected indi:初级专任教师 副高级专任教师 博士学历专任教师 地区生产总值 地区生产总值指数（上年=100） 本科学历专任教师
2016-11-09 08:48:15,092 sd_pca.py[line:50] INFO start sd_pca
2016-11-09 08:48:15,107 sd_pca.py[line:43] INFO selected area:上海市 云南省 内蒙古 北京市 吉林省 四川省 天津市 宁夏 安徽省 山东省 山西省 广东省 广西 新疆 江苏省 江西省 河北省 河南省 浙江省 海南省 湖北省 湖南省 甘肃省 福建省 西藏 贵州省 辽宁省 重庆市 陕西省 青海省 黑龙江
2016-11-09 08:48:15,108 sd_pca.py[line:69] INFO cleaned  area:上海市 云南省 内蒙古 北京市 吉林省 四川省 天津市 宁夏 安徽省 山东省 山西省 广东省 广西 新疆 江苏省 江西省 河北省 河南省 浙江省 海南省 湖北省 湖南省 甘肃省 福建省 西藏 贵州省 辽宁省 重庆市 陕西省 青海省 黑龙江
2016-11-09 08:48:15,109 sd_pca.py[line:70] INFO selected indi:初级专任教师 副高级专任教师 博士学历专任教师 固定资产值 地区生产总值 地区生产总值指数（上年=100） 本科学历专任教师 计算机数 高校在校学生数
2016-11-09 08:48:28,078 sd_pca.py[line:50] INFO start sd_pca
2016-11-09 08:48:28,092 sd_pca.py[line:43] INFO selected area:上海市 云南省 内蒙古 北京市 吉林省 四川省 天津市 宁夏 安徽省 山东省 山西省 广东省 广西 新疆 江苏省 江西省 河北省 河南省 浙江省 海南省 湖北省 湖南省 甘肃省 福建省 西藏 贵州省 辽宁省 重庆市 陕西省 青海省 黑龙江
2016-11-09 08:48:28,095 sd_pca.py[line:69] INFO cleaned  area:上海市 云南省 内蒙古 北京市 吉林省 四川省 天津市 宁夏 安徽省 山东省 山西省 广东省 广西 新疆 江苏省 江西省 河北省 河南省 浙江省 海南省 湖北省 湖南省 甘肃省 福建省 西藏 贵州省 辽宁省 重庆市 陕西省 青海省 黑龙江
2016-11-09 08:48:28,095 sd_pca.py[line:70] INFO selected indi:初级专任教师 副高级专任教师 博士学历专任教师 固定资产值 地区生产总值 地区生产总值指数（上年=100） 教学、科研仪器设备资产 教室 教职工数 本科学历专任教师 计算机数 高校在校学生数
2016-11-09 08:48:59,642 sd_pca.py[line:50] INFO start sd_pca
2016-11-09 08:48:59,657 sd_pca.py[line:43] INFO selected area:上海市 云南省 内蒙古 北京市 吉林省 四川省 天津市 宁夏 安徽省 山东省 山西省 广东省 广西 新疆 江苏省 江西省 河北省 河南省 浙江省 海南省 湖北省 湖南省 甘肃省 福建省 西藏 贵州省 辽宁省 重庆市 陕西省 青海省 黑龙江
2016-11-09 08:48:59,660 sd_pca.py[line:69] INFO cleaned  area:上海市 云南省 内蒙古 北京市 吉林省 四川省 天津市 宁夏 安徽省 山东省 山西省 广东省 广西 新疆 江苏省 江西省 河北省 河南省 浙江省 海南省 湖北省 湖南省 甘肃省 福建省 西藏 贵州省 辽宁省 重庆市 陕西省 青海省 黑龙江
2016-11-09 08:48:59,660 sd_pca.py[line:70] INFO selected indi:初级专任教师 副高级专任教师 博士学历专任教师 固定资产值 地区生产总值 地区生产总值指数（上年=100） 教学、科研仪器设备资产 教室 教职工数 普通高校生师比(教师人数=1) 本科学历专任教师 每十万人口高等学校平均在校生数 绿化用地面积 计算机数 高校在校学生数
2016-11-09 08:49:12,384 sd_pca.py[line:50] INFO start sd_pca
2016-11-09 08:49:12,398 sd_pca.py[line:43] INFO selected area:上海市 云南省 内蒙古 北京市 吉林省 四川省 天津市 宁夏 安徽省 山东省 山西省 广东省 广西 新疆 江苏省 江西省 河北省 河南省 浙江省 海南省 湖北省 湖南省 甘肃省 福建省 西藏 贵州省 辽宁省 重庆市 陕西省 青海省 黑龙江
2016-11-09 08:49:12,401 sd_pca.py[line:69] INFO cleaned  area:上海市 云南省 内蒙古 北京市 吉林省 四川省 天津市 宁夏 安徽省 山东省 山西省 广东省 广西 新疆 江苏省 江西省 河北省 河南省 浙江省 海南省 湖北省 湖南省 甘肃省 福建省 西藏 贵州省 辽宁省 重庆市 陕西省 青海省 黑龙江
2016-11-09 08:49:12,401 sd_pca.py[line:70] INFO selected indi:人均地区生产总值 人均地区生产总值指数（上年=100） 初级专任教师 副高级专任教师 博士学历专任教师 固定资产值 教学、科研仪器设备资产 教室 教职工数 普通高校生师比(教师人数=1) 本科学历专任教师 每十万人口高等学校平均在校生数 生均基本建设支出 绿化用地面积 计算机数 高校在校学生数
2016-11-09 08:49:34,910 sd_pca.py[line:50] INFO start sd_pca
2016-11-09 08:49:34,923 sd_pca.py[line:43] INFO selected area:上海市 云南省 内蒙古 北京市 吉林省 四川省 天津市 宁夏 安徽省 山东省 山西省 广东省 广西 新疆 江苏省 江西省 河北省 河南省 浙江省 海南省 湖北省 湖南省 甘肃省 福建省 西藏 贵州省 辽宁省 重庆市 陕西省 青海省 黑龙江
2016-11-09 08:49:34,926 sd_pca.py[line:69] INFO cleaned  area:上海市 云南省 内蒙古 北京市 吉林省 四川省 天津市 宁夏 安徽省 山东省 山西省 广东省 广西 新疆 江苏省 江西省 河北省 河南省 浙江省 海南省 湖北省 湖南省 甘肃省 福建省 西藏 贵州省 辽宁省 重庆市 陕西省 青海省 黑龙江
2016-11-09 08:49:34,927 sd_pca.py[line:70] INFO selected indi:初级专任教师 副高级专任教师 博士学历专任教师 固定资产值 地区生产总值 地区生产总值指数（上年=100） 教学、科研仪器设备资产 教室 教职工数 普通高校生师比(教师人数=1) 本科学历专任教师 每十万人口高等学校平均在校生数 绿化用地面积 计算机数 高校在校学生数
2016-11-09 08:49:43,594 sd_pca.py[line:50] INFO start sd_pca
2016-11-09 08:49:43,608 sd_pca.py[line:43] INFO selected area:上海市 云南省 内蒙古 北京市 吉林省 四川省 天津市 宁夏 安徽省 山东省 山西省 广东省 广西 新疆 江苏省 江西省 河北省 河南省 浙江省 海南省 湖北省 湖南省 甘肃省 福建省 西藏 贵州省 辽宁省 重庆市 陕西省 青海省 黑龙江
2016-11-09 08:49:43,611 sd_pca.py[line:69] INFO cleaned  area:上海市 云南省 内蒙古 北京市 吉林省 四川省 天津市 宁夏 安徽省 山东省 山西省 广东省 广西 新疆 江苏省 江西省 河北省 河南省 浙江省 海南省 湖北省 湖南省 甘肃省 福建省 西藏 贵州省 辽宁省 重庆市 陕西省 青海省 黑龙江
2016-11-09 08:49:43,611 sd_pca.py[line:70] INFO selected indi:初级专任教师 副高级专任教师 博士学历专任教师 固定资产值 地区生产总值 地区生产总值指数（上年=100） 教学、科研仪器设备资产 教室 教职工数 普通高校生师比(教师人数=1) 本科学历专任教师 每十万人口高等学校平均在校生数 生均基本建设支出 绿化用地面积 计算机数 高校在校学生数
2016-11-09 08:49:53,984 sd_pca.py[line:50] INFO start sd_pca
2016-11-09 08:49:53,997 sd_pca.py[line:43] INFO selected area:上海市 云南省 内蒙古 北京市 吉林省 四川省 天津市 宁夏 安徽省 山东省 山西省 广东省 广西 新疆 江苏省 江西省 河北省 河南省 浙江省 海南省 湖北省 湖南省 甘肃省 福建省 西藏 贵州省 辽宁省 重庆市 陕西省 青海省 黑龙江
2016-11-09 08:49:54,000 sd_pca.py[line:69] INFO cleaned  area:上海市 云南省 内蒙古 北京市 吉林省 四川省 天津市 宁夏 安徽省 山东省 山西省 广东省 广西 新疆 江苏省 江西省 河北省 河南省 浙江省 海南省 湖北省 湖南省 甘肃省 福建省 西藏 贵州省 辽宁省 重庆市 陕西省 青海省 黑龙江
2016-11-09 08:49:54,000 sd_pca.py[line:70] INFO selected indi:初级专任教师 副高级专任教师 博士学历专任教师 固定资产值 地区生产总值 教学、科研仪器设备资产 教室 教职工数 普通高校生师比(教师人数=1) 本科学历专任教师 每十万人口高等学校平均在校生数 生均基本建设支出 生均教育经费支出 绿化用地面积 计算机数 高校在校学生数
2016-11-09 08:50:15,117 sd_pca.py[line:50] INFO start sd_pca
2016-11-09 08:50:15,130 sd_pca.py[line:43] INFO selected area:上海市 云南省 内蒙古 北京市 吉林省 四川省 天津市 宁夏 安徽省 山东省 山西省 广东省 广西 新疆 江苏省 江西省 河北省 河南省 浙江省 海南省 湖北省 湖南省 甘肃省 福建省 西藏 贵州省 辽宁省 重庆市 陕西省 青海省 黑龙江
2016-11-09 08:50:15,132 sd_pca.py[line:69] INFO cleaned  area:上海市 云南省 内蒙古 北京市 吉林省 四川省 天津市 宁夏 安徽省 山东省 山西省 广东省 广西 新疆 江苏省 江西省 河北省 河南省 浙江省 海南省 湖北省 湖南省 甘肃省 福建省 西藏 贵州省 辽宁省 重庆市 陕西省 青海省 黑龙江
2016-11-09 08:50:15,134 sd_pca.py[line:70] INFO selected indi:初级专任教师 副高级专任教师 博士学历专任教师 固定资产值 地区生产总值 地区生产总值指数（上年=100） 教学、科研仪器设备资产 教室 教职工数 普通高校生师比(教师人数=1) 本科学历专任教师 每十万人口高等学校平均在校生数 生均基本建设支出 绿化用地面积 计算机数 高校在校学生数
2016-11-09 08:50:23,703 sd_pca.py[line:50] INFO start sd_pca
2016-11-09 08:50:23,717 sd_pca.py[line:43] INFO selected area:上海市 云南省 内蒙古 北京市 吉林省 四川省 天津市 宁夏 安徽省 山东省 山西省 广东省 广西 新疆 江苏省 江西省 河北省 河南省 浙江省 海南省 湖北省 湖南省 甘肃省 福建省 西藏 贵州省 辽宁省 重庆市 陕西省 青海省 黑龙江
2016-11-09 08:50:23,719 sd_pca.py[line:69] INFO cleaned  area:上海市 云南省 内蒙古 北京市 吉林省 四川省 天津市 宁夏 安徽省 山东省 山西省 广东省 广西 新疆 江苏省 江西省 河北省 河南省 浙江省 海南省 湖北省 湖南省 甘肃省 福建省 西藏 贵州省 辽宁省 重庆市 陕西省 青海省 黑龙江
2016-11-09 08:50:23,720 sd_pca.py[line:70] INFO selected indi:人均地区生产总值 初级专任教师 副高级专任教师 博士学历专任教师 固定资产值 地区生产总值 教学、科研仪器设备资产 教室 教职工数 普通高校生师比(教师人数=1) 本科学历专任教师 每十万人口高等学校平均在校生数 生均基本建设支出 绿化用地面积 计算机数 高校在校学生数
2016-11-09 08:50:38,052 sd_pca.py[line:50] INFO start sd_pca
2016-11-09 08:50:38,065 sd_pca.py[line:43] INFO selected area:上海市 云南省 内蒙古 北京市 吉林省 四川省 天津市 宁夏 安徽省 山东省 山西省 广东省 广西 新疆 江苏省 江西省 河北省 河南省 浙江省 海南省 湖北省 湖南省 甘肃省 福建省 西藏 贵州省 辽宁省 重庆市 陕西省 青海省 黑龙江
2016-11-09 08:50:38,068 sd_pca.py[line:69] INFO cleaned  area:上海市 云南省 内蒙古 北京市 吉林省 四川省 天津市 宁夏 安徽省 山东省 山西省 广东省 广西 新疆 江苏省 江西省 河北省 河南省 浙江省 海南省 湖北省 湖南省 甘肃省 福建省 西藏 贵州省 辽宁省 重庆市 陕西省 青海省 黑龙江
2016-11-09 08:50:38,069 sd_pca.py[line:70] INFO selected indi:初级专任教师 副高级专任教师 博士学历专任教师 固定资产值 地区生产总值 教学、科研仪器设备资产 教室 教职工数 普通高校生师比(教师人数=1) 本科学历专任教师 每十万人口高等学校平均在校生数 生均基本建设支出 硕士学历专任教师 绿化用地面积 计算机数 高校在校学生数
2016-11-09 08:53:16,559 sd_pca.py[line:50] INFO start sd_pca
2016-11-09 08:53:16,573 sd_pca.py[line:43] INFO selected area:上海市 云南省 内蒙古 北京市 吉林省 四川省 天津市 宁夏 安徽省 山东省 山西省 广东省 广西 新疆 江苏省 江西省 河北省 河南省 浙江省 海南省 湖北省 湖南省 甘肃省 福建省 西藏 贵州省 辽宁省 重庆市 陕西省 青海省 黑龙江
2016-11-09 08:53:16,576 sd_pca.py[line:69] INFO cleaned  area:上海市 云南省 内蒙古 北京市 吉林省 四川省 天津市 宁夏 安徽省 山东省 山西省 广东省 广西 新疆 江苏省 江西省 河北省 河南省 浙江省 海南省 湖北省 湖南省 甘肃省 福建省 西藏 贵州省 辽宁省 重庆市 陕西省 青海省 黑龙江
2016-11-09 08:53:16,576 sd_pca.py[line:70] INFO selected indi:专任教师 信息化设备资产值 占地面积 固定资产值 图书 学校产权建筑面积 学校数 教学、科研仪器设备资产 教室 教职工数 每十万人口高等学校平均在校生数 生均事业性经费支出 生均基本建设支出 生均教育经费支出 绿化用地面积 计算机数 运动场地面积
2016-11-09 08:54:25,943 sd_pca.py[line:50] INFO start sd_pca
2016-11-09 08:54:25,957 sd_pca.py[line:43] INFO selected area:上海市 云南省 内蒙古 北京市 吉林省 四川省 天津市 宁夏 安徽省 山东省 山西省 广东省 广西 新疆 江苏省 江西省 河北省 河南省 浙江省 海南省 湖北省 湖南省 甘肃省 福建省 西藏 贵州省 辽宁省 重庆市 陕西省 青海省 黑龙江
2016-11-09 08:54:25,959 sd_pca.py[line:69] INFO cleaned  area:上海市 云南省 内蒙古 北京市 吉林省 四川省 天津市 宁夏 安徽省 山东省 山西省 广东省 广西 新疆 江苏省 江西省 河北省 河南省 浙江省 海南省 湖北省 湖南省 甘肃省 福建省 西藏 贵州省 辽宁省 重庆市 陕西省 青海省 黑龙江
2016-11-09 08:54:25,960 sd_pca.py[line:70] INFO selected indi:人均地区生产总值指数（上年=100） 初级专任教师 副高级专任教师 博士学历专任教师 固定资产值 教学、科研仪器设备资产 教室 教职工数 普通高校生师比(教师人数=1) 本科学历专任教师 每十万人口高等学校平均在校生数 生均基本建设支出 硕士学历专任教师 绿化用地面积 计算机数 高校在校学生数
2016-11-09 08:54:55,710 sd_pca.py[line:50] INFO start sd_pca
2016-11-09 08:54:55,723 sd_pca.py[line:43] INFO selected area:上海市 云南省 内蒙古 北京市 吉林省 四川省 天津市 宁夏 安徽省 山东省 山西省 广东省 广西 新疆 江苏省 江西省 河北省 河南省 浙江省 海南省 湖北省 湖南省 甘肃省 福建省 西藏 贵州省 辽宁省 重庆市 陕西省 青海省 黑龙江
2016-11-09 08:54:55,726 sd_pca.py[line:69] INFO cleaned  area:上海市 云南省 内蒙古 北京市 吉林省 四川省 天津市 宁夏 安徽省 山东省 山西省 广东省 广西 新疆 江苏省 江西省 河北省 河南省 浙江省 海南省 湖北省 湖南省 甘肃省 福建省 西藏 贵州省 辽宁省 重庆市 陕西省 青海省 黑龙江
2016-11-09 08:54:55,726 sd_pca.py[line:70] INFO selected indi:人均地区生产总值指数（上年=100） 初级专任教师 副高级专任教师 博士学历专任教师 固定资产值 地区生产总值 地区生产总值指数（上年=100） 教学、科研仪器设备资产 教室 教职工数 普通高校生师比(教师人数=1) 本科学历专任教师 每十万人口高等学校平均在校生数 绿化用地面积 计算机数 高校在校学生数
2016-11-09 09:15:15,605 sd_pca.py[line:50] INFO start sd_pca
2016-11-09 09:15:15,618 sd_pca.py[line:43] INFO selected area:上海市 云南省 内蒙古 北京市 吉林省 四川省 天津市 宁夏 安徽省 山东省 山西省 广东省 广西 新疆 江苏省 江西省 河北省 河南省 浙江省 海南省 湖北省 湖南省 甘肃省 福建省 西藏 贵州省 辽宁省 重庆市 陕西省 青海省 黑龙江
2016-11-09 09:15:15,621 sd_pca.py[line:69] INFO cleaned  area:上海市 云南省 内蒙古 北京市 吉林省 四川省 天津市 宁夏 安徽省 山东省 山西省 广东省 广西 新疆 江苏省 江西省 河北省 河南省 浙江省 海南省 湖北省 湖南省 甘肃省 福建省 西藏 贵州省 辽宁省 重庆市 陕西省 青海省 黑龙江
2016-11-09 09:15:15,621 sd_pca.py[line:70] INFO selected indi:人均地区生产总值指数（上年=100） 初级专任教师 副高级专任教师 博士学历专任教师 固定资产值 地区生产总值 地区生产总值指数（上年=100） 教学、科研仪器设备资产 教室 教职工数 普通高校生师比(教师人数=1) 本科学历专任教师 每十万人口高等学校平均在校生数 绿化用地面积 计算机数 高校在校学生数
2016-11-09 09:23:59,670 sd_pca.py[line:50] INFO start sd_pca
2016-11-09 09:23:59,683 sd_pca.py[line:43] INFO selected area:上海市 云南省 内蒙古 北京市 吉林省 四川省 天津市 宁夏 安徽省 山东省 山西省 广东省 广西 新疆 江苏省 江西省 河北省 河南省 浙江省 海南省 湖北省 湖南省 甘肃省 福建省 西藏 贵州省 辽宁省 重庆市 陕西省 青海省 黑龙江
2016-11-09 09:23:59,687 sd_pca.py[line:69] INFO cleaned  area:上海市 云南省 内蒙古 北京市 吉林省 四川省 天津市 宁夏 安徽省 山东省 山西省 广东省 广西 新疆 江苏省 江西省 河北省 河南省 浙江省 海南省 湖北省 湖南省 甘肃省 福建省 西藏 贵州省 辽宁省 重庆市 陕西省 青海省 黑龙江
2016-11-09 09:23:59,687 sd_pca.py[line:70] INFO selected indi:县级区划数 市辖区个数
2016-11-09 09:32:28,684 sd_pca.py[line:50] INFO start sd_pca
2016-11-09 09:32:28,697 sd_pca.py[line:43] INFO selected area:上海市 云南省 内蒙古 北京市 吉林省 四川省 天津市 宁夏 安徽省 山东省 山西省 广东省 广西 新疆 江苏省 江西省 河北省 河南省 浙江省 海南省 湖北省 湖南省 甘肃省 福建省 西藏 贵州省 辽宁省 重庆市 陕西省 青海省 黑龙江
2016-11-09 09:32:28,700 sd_pca.py[line:69] INFO cleaned  area:上海市 云南省 内蒙古 北京市 吉林省 四川省 天津市 宁夏 安徽省 山东省 山西省 广东省 广西 新疆 江苏省 江西省 河北省 河南省 浙江省 海南省 湖北省 湖南省 甘肃省 福建省 西藏 贵州省 辽宁省 重庆市 陕西省 青海省 黑龙江
2016-11-09 09:32:28,701 sd_pca.py[line:70] INFO selected indi:县级区划数 市辖区个数
2016-11-09 11:36:09,897 sd_pca.py[line:50] INFO start sd_pca
2016-11-09 11:36:09,911 sd_pca.py[line:43] INFO selected area:上海市 云南省 内蒙古 北京市 吉林省 四川省 天津市 宁夏 安徽省 山东省 山西省 广东省 广西 新疆 江苏省 江西省 河北省 河南省 浙江省 海南省 湖北省 湖南省 甘肃省 福建省 西藏 贵州省 辽宁省 重庆市 陕西省 青海省 黑龙江
2016-11-09 11:36:09,914 sd_pca.py[line:69] INFO cleaned  area:上海市 云南省 内蒙古 北京市 吉林省 四川省 天津市 宁夏 安徽省 山东省 山西省 广东省 广西 新疆 江苏省 江西省 河北省 河南省 浙江省 海南省 湖北省 湖南省 甘肃省 福建省 西藏 贵州省 辽宁省 重庆市 陕西省 青海省 黑龙江
2016-11-09 11:36:09,914 sd_pca.py[line:70] INFO selected indi:初级专任教师 副高级专任教师 博士学历专任教师 固定资产值 地区生产总值 教学、科研仪器设备资产 教室 教职工数 普通高校生师比(教师人数=1) 本科学历专任教师 每十万人口高等学校平均在校生数 生均基本建设支出 硕士学历专任教师 绿化用地面积 计算机数 高校在校学生数
2016-11-09 11:37:45,897 sd_pca.py[line:50] INFO start sd_pca
2016-11-09 11:37:45,911 sd_pca.py[line:43] INFO selected area:上海市 云南省 内蒙古 北京市 吉林省 四川省 天津市 宁夏 安徽省 山东省 山西省 广东省 广西 新疆 江苏省 江西省 河北省 河南省 浙江省 海南省 湖北省 湖南省 甘肃省 福建省 西藏 贵州省 辽宁省 重庆市 陕西省 青海省 黑龙江
2016-11-09 11:37:45,913 sd_pca.py[line:69] INFO cleaned  area:上海市 云南省 内蒙古 北京市 吉林省 四川省 天津市 宁夏 安徽省 山东省 山西省 广东省 广西 新疆 江苏省 江西省 河北省 河南省 浙江省 海南省 湖北省 湖南省 甘肃省 福建省 西藏 贵州省 辽宁省 重庆市 陕西省 青海省 黑龙江
2016-11-09 11:37:45,914 sd_pca.py[line:70] INFO selected indi:初级专任教师 副高级专任教师 博士学历专任教师 固定资产值 地区生产总值 教学、科研仪器设备资产 教室 教职工数 普通高校生师比(教师人数=1) 本科学历专任教师 每十万人口高等学校平均在校生数 生均基本建设支出 硕士学历专任教师 绿化用地面积 计算机数 高校在校学生数
2016-11-09 15:48:01,141 sd_pca.py[line:50] INFO start sd_pca
2016-11-09 15:48:01,154 sd_pca.py[line:43] INFO selected area:上海市 中国 云南省 内蒙古 北京市 吉林省 四川省 天津市 宁夏 安徽省 山东省 山西省 广东省 广西 新疆 江苏省 江西省 河北省 河南省 浙江省 海南省 湖北省 湖南省 甘肃省 福建省 西藏 贵州省 辽宁省 重庆市 陕西省 青海省 黑龙江
2016-11-09 15:48:01,157 sd_pca.py[line:69] INFO cleaned  area:上海市 中国 云南省 内蒙古 北京市 吉林省 四川省 天津市 宁夏 安徽省 山东省 山西省 广东省 广西 新疆 江苏省 江西省 河北省 河南省 浙江省 海南省 湖北省 湖南省 甘肃省 福建省 西藏 贵州省 辽宁省 重庆市 陕西省 青海省 黑龙江
2016-11-09 15:48:01,158 sd_pca.py[line:70] INFO selected indi:学校产权建筑面积 学校数
2016-11-09 15:48:34,884 sd_pca.py[line:50] INFO start sd_pca
2016-11-09 15:48:34,897 sd_pca.py[line:43] INFO selected area:上海市 中国 云南省 内蒙古 北京市 吉林省 四川省 天津市 宁夏 安徽省 山东省 山西省 广东省 广西 新疆 江苏省 江西省 河北省 河南省 浙江省 海南省 湖北省 湖南省 甘肃省 福建省 西藏 贵州省 辽宁省 重庆市 陕西省 青海省 黑龙江
2016-11-09 15:48:34,900 sd_pca.py[line:69] INFO cleaned  area:上海市 中国 云南省 内蒙古 北京市 吉林省 四川省 天津市 宁夏 安徽省 山东省 山西省 广东省 广西 新疆 江苏省 江西省 河北省 河南省 浙江省 海南省 湖北省 湖南省 甘肃省 福建省 西藏 贵州省 辽宁省 重庆市 陕西省 青海省 黑龙江
2016-11-09 15:48:34,901 sd_pca.py[line:70] INFO selected indi:学校产权建筑面积 学校数
2016-11-09 15:49:42,289 sd_pca.py[line:50] INFO start sd_pca
2016-11-09 15:49:42,303 sd_pca.py[line:43] INFO selected area:上海市 云南省 内蒙古 北京市 吉林省 四川省 天津市 宁夏 安徽省 山东省 山西省 广东省 广西 新疆 江苏省 江西省 河北省 河南省 浙江省 海南省 湖北省 湖南省 甘肃省 福建省 西藏 贵州省 重庆市 陕西省 青海省 黑龙江
2016-11-09 15:49:42,322 sd_pca.py[line:69] INFO cleaned  area:上海市 云南省 内蒙古 北京市 吉林省 四川省 天津市 宁夏 安徽省 山东省 山西省 广东省 广西 新疆 江苏省 江西省 河北省 河南省 浙江省 海南省 湖北省 湖南省 甘肃省 福建省 西藏 贵州省 重庆市 陕西省 青海省 黑龙江
2016-11-09 15:49:42,322 sd_pca.py[line:70] INFO selected indi:专任教师 专科及以下学历专任教师 中级专任教师 人均地区生产总值 人均地区生产总值指数（上年=100） 信息化设备资产值 初级专任教师 副高级专任教师 博士学历专任教师 占地面积 固定资产值 图书 地区生产总值 学校产权建筑面积 学校数 教学、科研仪器设备资产 教室 无职称专任教师 普通高校生师比(教师人数=1) 本科学历专任教师 正高级专任教师 生均事业性经费支出 生均教育经费支出 硕士学历专任教师 绿化用地面积 运动场地面积 高校在校学生数
2016-11-09 15:50:20,957 sd_pca.py[line:50] INFO start sd_pca
2016-11-09 15:50:20,970 sd_pca.py[line:43] INFO selected area:上海市 中国 云南省 内蒙古 北京市 吉林省 四川省 天津市 宁夏 安徽省 山东省 山西省 广东省 广西 江苏省 江西省 河北省 河南省 浙江省 海南省 湖北省 湖南省 甘肃省 福建省 西藏 贵州省 重庆市 陕西省 青海省 黑龙江
2016-11-09 15:50:20,973 sd_pca.py[line:69] INFO cleaned  area:上海市 中国 云南省 内蒙古 北京市 吉林省 四川省 天津市 宁夏 安徽省 山东省 山西省 广东省 广西 江苏省 江西省 河北省 河南省 浙江省 海南省 湖北省 湖南省 甘肃省 福建省 西藏 贵州省 重庆市 陕西省 青海省 黑龙江
2016-11-09 15:50:20,973 sd_pca.py[line:70] INFO selected indi:学校产权建筑面积 学校数
2016-11-09 15:52:24,921 sd_pca.py[line:50] INFO start sd_pca
2016-11-09 15:52:24,937 sd_pca.py[line:43] INFO selected area:上海市 云南省 内蒙古 北京市 吉林省 四川省 天津市 宁夏 安徽省 山东省 山西省 广东省 广西 江苏省 江西省 河北省 河南省 浙江省 海南省 湖北省 湖南省 甘肃省 福建省 西藏 贵州省 辽宁省 重庆市 陕西省 青海省 黑龙江
2016-11-09 15:52:24,940 sd_pca.py[line:69] INFO cleaned  area:上海市 云南省 内蒙古 北京市 吉林省 四川省 天津市 宁夏 安徽省 山东省 山西省 广东省 广西 江苏省 江西省 河北省 河南省 浙江省 海南省 湖北省 湖南省 甘肃省 福建省 西藏 贵州省 辽宁省 重庆市 陕西省 青海省 黑龙江
2016-11-09 15:52:24,940 sd_pca.py[line:70] INFO selected indi:专任教师 专科及以下学历专任教师 中级专任教师 人均地区生产总值 人均地区生产总值指数（上年=100） 信息化设备资产值 初级专任教师 副高级专任教师 博士学历专任教师 占地面积 固定资产值 图书 地区生产总值 学校产权建筑面积 学校数 教学、科研仪器设备资产 教室 无职称专任教师 普通高校生师比(教师人数=1) 本科学历专任教师 正高级专任教师 生均事业性经费支出 生均教育经费支出 硕士学历专任教师 绿化用地面积 运动场地面积 高校在校学生数
2016-11-09 15:59:27,003 sd_pca.py[line:50] INFO start sd_pca
2016-11-09 15:59:27,019 sd_pca.py[line:43] INFO selected area:上海市 云南省 内蒙古 北京市 吉林省 四川省 天津市 宁夏 安徽省 山东省 山西省 广东省 广西 新疆 江苏省 江西省 河北省 河南省 浙江省 海南省 湖北省 湖南省 甘肃省 福建省 西藏 贵州省 辽宁省 重庆市 陕西省 青海省 黑龙江
2016-11-09 15:59:27,022 sd_pca.py[line:69] INFO cleaned  area:上海市 云南省 内蒙古 北京市 吉林省 四川省 天津市 宁夏 安徽省 山东省 山西省 广东省 广西 新疆 江苏省 江西省 河北省 河南省 浙江省 海南省 湖北省 湖南省 甘肃省 福建省 西藏 贵州省 辽宁省 重庆市 陕西省 青海省 黑龙江
2016-11-09 15:59:27,023 sd_pca.py[line:70] INFO selected indi:专任教师 专科及以下学历专任教师 中级专任教师 人均地区生产总值 人均地区生产总值指数（上年=100） 信息化设备资产值 初级专任教师 副高级专任教师 博士学历专任教师 占地面积 固定资产值 图书 地区生产总值 学校产权建筑面积 学校数 教室 无职称专任教师 普通高校生师比(教师人数=1) 本科学历专任教师 正高级专任教师 每十万人口高等学校平均在校生数 生均事业性经费支出 生均教育经费支出 硕士学历专任教师 绿化用地面积 运动场地面积 高校在校学生数
2016-11-10 09:46:23,223 sd_pca.py[line:50] INFO start sd_pca
2016-11-10 09:46:23,236 sd_pca.py[line:43] INFO selected area:上海市 云南省 内蒙古 北京市 吉林省 四川省 天津市 宁夏 安徽省 山东省 山西省 广东省 广西 新疆 江苏省 江西省 河北省 河南省 浙江省 海南省 湖北省 湖南省 甘肃省 福建省 西藏 贵州省 辽宁省 重庆市 陕西省 青海省 黑龙江
2016-11-10 09:46:23,240 sd_pca.py[line:69] INFO cleaned  area:上海市 云南省 内蒙古 北京市 吉林省 四川省 天津市 宁夏 安徽省 山东省 山西省 广东省 广西 新疆 江苏省 江西省 河北省 河南省 浙江省 海南省 湖北省 湖南省 甘肃省 福建省 西藏 贵州省 辽宁省 重庆市 陕西省 青海省 黑龙江
2016-11-10 09:46:23,240 sd_pca.py[line:70] INFO selected indi:人均地区生产总值 人均地区生产总值指数（上年=100） 信息化设备资产值 初级专任教师 副高级专任教师 博士学历专任教师 固定资产值 图书 地区生产总值 地区生产总值指数（上年=100） 教学、科研仪器设备资产 教室 教职工数 无职称专任教师 普通高校生师比(教师人数=1) 本科学历专任教师 每十万人口高等学校平均在校生数 生均事业性经费支出 生均基本建设支出 生均教育经费支出 硕士学历专任教师 绿化用地面积 计算机数 高校在校学生数
2016-11-10 09:46:44,256 sd_pca.py[line:50] INFO start sd_pca
2016-11-10 09:46:44,272 sd_pca.py[line:43] INFO selected area:上海市 云南省 内蒙古 北京市 吉林省 四川省 天津市 宁夏 安徽省 山东省 山西省 广东省 广西 新疆 江苏省 江西省 河北省 河南省 浙江省 海南省 湖北省 湖南省 甘肃省 福建省 西藏 贵州省 辽宁省 重庆市 陕西省 青海省 黑龙江
2016-11-10 09:46:44,276 sd_pca.py[line:69] INFO cleaned  area:上海市 云南省 内蒙古 北京市 吉林省 四川省 天津市 宁夏 安徽省 山东省 山西省 广东省 广西 新疆 江苏省 江西省 河北省 河南省 浙江省 海南省 湖北省 湖南省 甘肃省 福建省 西藏 贵州省 辽宁省 重庆市 陕西省 青海省 黑龙江
2016-11-10 09:46:44,276 sd_pca.py[line:70] INFO selected indi:专任教师 专科及以下学历专任教师 中级专任教师 人均地区生产总值 人均地区生产总值指数（上年=100） 信息化设备资产值 初级专任教师 副高级专任教师 博士学历专任教师 占地面积 固定资产值 图书 地区生产总值 地区生产总值指数（上年=100） 学校产权建筑面积 学校数 教学、科研仪器设备资产 教室 教职工数 无职称专任教师 普通高校生师比(教师人数=1) 本科学历专任教师 正高级专任教师 每十万人口高等学校平均在校生数 生均事业性经费支出 生均基本建设支出 生均教育经费支出 硕士学历专任教师 绿化用地面积 计算机数 运动场地面积 高校在校学生数
2016-11-10 09:59:57,328 sd_pca.py[line:50] INFO start sd_pca
2016-11-10 09:59:57,342 sd_pca.py[line:43] INFO selected area:上海市 云南省 内蒙古 北京市 吉林省 四川省 天津市 宁夏 安徽省 山东省 山西省 广东省 广西 新疆 江苏省 江西省 河北省 河南省 浙江省 海南省 湖北省 湖南省 甘肃省 福建省 西藏 贵州省 辽宁省 重庆市 陕西省 青海省 黑龙江
2016-11-10 09:59:57,345 sd_pca.py[line:69] INFO cleaned  area:上海市 云南省 内蒙古 北京市 吉林省 四川省 天津市 宁夏 安徽省 山东省 山西省 广东省 广西 新疆 江苏省 江西省 河北省 河南省 浙江省 海南省 湖北省 湖南省 甘肃省 福建省 西藏 贵州省 辽宁省 重庆市 陕西省 青海省 黑龙江
2016-11-10 09:59:57,346 sd_pca.py[line:70] INFO selected indi:专任教师 博士学历专任教师所占比例（百分比） 学校数 普通高校生师比(教师人数=1) 正高级专任教师所占比例（百分比） 每十万人口高等学校平均在校生数 生均专任教师 生均事业性经费支出 生均信息化设备资产值 生均占地面积 生均固定资产值 生均图书 生均基本建设支出 生均学校产权建筑面积 生均教学、科研仪器设备资产 生均教育经费支出 生均绿化用地面积 生均计算机数 生均运动场地面积 高校在校学生数
2016-11-10 10:03:31,022 sd_pca.py[line:50] INFO start sd_pca
2016-11-10 10:03:31,036 sd_pca.py[line:43] INFO selected area:上海市 云南省 内蒙古 北京市 吉林省 四川省 天津市 宁夏 安徽省 山东省 山西省 广东省 广西 新疆 江苏省 江西省 河北省 河南省 浙江省 海南省 湖北省 湖南省 甘肃省 福建省 西藏 贵州省 辽宁省 重庆市 陕西省 青海省 黑龙江
2016-11-10 10:03:31,039 sd_pca.py[line:69] INFO cleaned  area:上海市 云南省 内蒙古 北京市 吉林省 四川省 天津市 宁夏 安徽省 山东省 山西省 广东省 广西 新疆 江苏省 江西省 河北省 河南省 浙江省 海南省 湖北省 湖南省 甘肃省 福建省 西藏 贵州省 辽宁省 重庆市 陕西省 青海省 黑龙江
2016-11-10 10:03:31,040 sd_pca.py[line:70] INFO selected indi:专任教师 专科及以下学历专任教师 中级专任教师 人均地区生产总值 人均地区生产总值指数（上年=100） 信息化设备资产值 初级专任教师 副高级专任教师 博士学历专任教师 占地面积 固定资产值 图书 地区生产总值 地区生产总值指数（上年=100） 学校产权建筑面积 学校数 教学、科研仪器设备资产 教室 教职工数 无职称专任教师 普通高校生师比(教师人数=1) 本科学历专任教师 正高级专任教师 每十万人口高等学校平均在校生数 生均事业性经费支出 生均基本建设支出 生均教育经费支出 硕士学历专任教师 绿化用地面积 计算机数 运动场地面积 高校在校学生数
2016-11-10 10:04:28,778 sd_pca.py[line:50] INFO start sd_pca
2016-11-10 10:04:28,789 sd_pca.py[line:43] INFO selected area:上海市 云南省 内蒙古 北京市 吉林省 四川省 天津市 宁夏 安徽省 山东省 山西省 广东省 广西 新疆 江苏省 江西省 河北省 河南省 浙江省 海南省 湖北省 湖南省 甘肃省 福建省 西藏 贵州省 辽宁省 重庆市 陕西省 青海省 黑龙江
2016-11-10 10:04:28,792 sd_pca.py[line:69] INFO cleaned  area:上海市 云南省 内蒙古 北京市 吉林省 四川省 天津市 宁夏 安徽省 山东省 山西省 广东省 广西 新疆 江苏省 江西省 河北省 河南省 浙江省 海南省 湖北省 湖南省 甘肃省 福建省 西藏 贵州省 辽宁省 重庆市 陕西省 青海省 黑龙江
2016-11-10 10:04:28,792 sd_pca.py[line:70] INFO selected indi:专任教师 专科及以下学历专任教师 中级专任教师 人均地区生产总值 人均地区生产总值指数（上年=100） 信息化设备资产值 初级专任教师 副高级专任教师 博士学历专任教师 固定资产值 图书 地区生产总值 地区生产总值指数（上年=100） 学校产权建筑面积 学校数 教学、科研仪器设备资产 教室 教职工数 无职称专任教师 普通高校生师比(教师人数=1) 本科学历专任教师 正高级专任教师 每十万人口高等学校平均在校生数 生均事业性经费支出 生均基本建设支出 生均教育经费支出 硕士学历专任教师 绿化用地面积 计算机数 高校在校学生数
2016-11-10 10:24:21,559 sd_pca.py[line:50] INFO start sd_pca
2016-11-10 10:24:21,572 sd_pca.py[line:43] INFO selected area:上海市 云南省 内蒙古 北京市 吉林省 四川省 天津市 宁夏 安徽省 山东省 山西省 广东省 广西 新疆 江苏省 江西省 河北省 河南省 浙江省 海南省 湖北省 湖南省 甘肃省 福建省 西藏 贵州省 辽宁省 重庆市 陕西省 青海省 黑龙江
2016-11-10 10:24:21,575 sd_pca.py[line:69] INFO cleaned  area:上海市 云南省 内蒙古 北京市 吉林省 四川省 天津市 宁夏 安徽省 山东省 山西省 广东省 广西 新疆 江苏省 江西省 河北省 河南省 浙江省 海南省 湖北省 湖南省 甘肃省 福建省 西藏 贵州省 辽宁省 重庆市 陕西省 青海省 黑龙江
2016-11-10 10:24:21,576 sd_pca.py[line:70] INFO selected indi:专任教师 博士学历专任教师所占比例（百分比） 学校数 普通高校生师比(教师人数=1) 正高级专任教师所占比例（百分比） 每十万人口高等学校平均在校生数 生均专任教师 生均事业性经费支出 生均信息化设备资产值 生均占地面积 生均固定资产值 生均图书 生均基本建设支出 生均学校产权建筑面积 生均教学、科研仪器设备资产 生均教育经费支出 生均绿化用地面积 生均计算机数 生均运动场地面积 高校在校学生数
2016-11-10 16:15:58,835 sd_pca.py[line:50] INFO start sd_pca
2016-11-10 16:15:58,848 sd_pca.py[line:43] INFO selected area:上海市 云南省 内蒙古 北京市 吉林省 四川省 天津市 宁夏 安徽省 山东省 山西省 广东省 广西 新疆 江苏省 江西省 河北省 河南省 浙江省 海南省 湖北省 湖南省 甘肃省 福建省 西藏 贵州省 辽宁省 重庆市 陕西省 青海省 黑龙江
2016-11-10 16:15:58,851 sd_pca.py[line:69] INFO cleaned  area:上海市 云南省 内蒙古 北京市 吉林省 四川省 天津市 宁夏 安徽省 山东省 山西省 广东省 广西 新疆 江苏省 江西省 河北省 河南省 浙江省 海南省 湖北省 湖南省 甘肃省 福建省 西藏 贵州省 辽宁省 重庆市 陕西省 青海省 黑龙江
2016-11-10 16:15:58,852 sd_pca.py[line:70] INFO selected indi:专任教师 博士学历专任教师所占比例（百分比） 学校数 普通高校生师比(教师人数=1) 正高级专任教师所占比例（百分比） 每十万人口高等学校平均在校生数 生均专任教师 生均事业性经费支出 生均信息化设备资产值 生均占地面积 生均固定资产值 生均图书 生均基本建设支出 生均学校产权建筑面积 生均教学、科研仪器设备资产 生均教育经费支出 生均绿化用地面积 生均计算机数 生均运动场地面积 高校在校学生数
2016-11-10 16:22:49,752 sd_pca.py[line:50] INFO start sd_pca
2016-11-10 16:22:49,766 sd_pca.py[line:43] INFO selected area:南京市 厦门市 哈尔滨市 大连市 宁波市 广州市 成都市 杭州市 武汉市 沈阳市 济南市 深圳市 西安市 长春市 青岛市
2016-11-10 16:22:49,767 sd_pca.py[line:69] INFO cleaned  area:南京市 厦门市 哈尔滨市 大连市 宁波市 广州市 成都市 杭州市 武汉市 沈阳市 济南市 深圳市 西安市 长春市 青岛市
2016-11-10 16:22:49,769 sd_pca.py[line:70] INFO selected indi:GDP增长率 专利申请数 人均公园绿地面积 人均地区生产总值 人均城市道路面积 全社会固定资产投资 公共图书馆数 地区生产总值 地方财政预算内支出 地方财政预算内收入 城乡居民储蓄年末余额 城市建区面积 城镇居民家庭人均可支配收入 客运总量 居民消费价格指数 居民生活用水 工业增加值 市区非农业人口 年末实有城市道路面积 年末金融机构存款余额 年末金融机构贷款余额 建成区绿化覆盖率 普通高校在校学生数 污水处理率 生活垃圾无害化处理率 研发经费总支出 社会消费品零售总额 科技活动人员数 第三产业占GDP的比重 第二产业占GDP的比重 货运总量 进出口总额 邮电业务总量
2016-11-10 16:23:56,687 sd_pca.py[line:50] INFO start sd_pca
2016-11-10 16:23:56,700 sd_pca.py[line:43] INFO selected area:南京市 厦门市 哈尔滨市 大连市 宁波市 广州市 成都市 杭州市 武汉市 沈阳市 济南市 深圳市 西安市 长春市 青岛市
2016-11-10 16:23:56,703 sd_pca.py[line:69] INFO cleaned  area:南京市 厦门市 哈尔滨市 大连市 宁波市 广州市 成都市 杭州市 武汉市 沈阳市 济南市 深圳市 西安市 长春市 青岛市
2016-11-10 16:23:56,703 sd_pca.py[line:70] INFO selected indi:GDP增长率 专利申请数 人均公园绿地面积 人均地区生产总值 人均城市道路面积 全社会固定资产投资 公共图书馆数 地区生产总值 地方财政预算内支出 地方财政预算内收入 城乡居民储蓄年末余额 城市建区面积 城镇居民家庭人均可支配收入 客运总量 居民消费价格指数 居民生活用水 工业增加值 市区非农业人口 年末实有城市道路面积 年末金融机构存款余额 年末金融机构贷款余额 建成区绿化覆盖率 普通高校在校学生数 污水处理率 生活垃圾无害化处理率 研发经费总支出 社会消费品零售总额 科技活动人员数 第三产业占GDP的比重 第二产业占GDP的比重 货运总量 进出口总额 邮电业务总量
2016-11-11 14:26:01,247 sd_pca.py[line:50] INFO start sd_pca
2016-11-11 14:26:01,259 sd_pca.py[line:43] INFO selected area:中国 十堰市 咸宁市 孝感市 宜昌市 恩施土家族苗族自治州 武汉市 荆州市 荆门市 襄阳市 鄂州市 随州市 黄冈市 黄石市
2016-11-11 14:41:53,098 sd_pca.py[line:50] INFO start sd_pca
2016-11-11 14:41:53,109 sd_pca.py[line:43] INFO selected area:十堰市 咸宁市 孝感市 宜昌市 恩施土家族苗族自治州 武汉市 荆州市 荆门市 襄阳市 鄂州市 随州市 黄冈市 黄石市
2016-11-11 14:41:53,112 sd_pca.py[line:69] INFO cleaned  area:十堰市 咸宁市 孝感市 宜昌市 恩施土家族苗族自治州 武汉市 荆州市 荆门市 襄阳市 鄂州市 随州市 黄冈市 黄石市
2016-11-11 14:41:53,114 sd_pca.py[line:70] INFO selected indi:人均地区生产总值 全社会固定资产投资 全社会消费品零售总额 农村居民人均纯收入 地区生产总值 城镇居民人均储蓄存款 城镇居民人均可支配收入 第一产业总产值 第三产业总产值 第二产业总产值 财政收入
2016-11-11 14:43:05,974 sd_pca.py[line:50] INFO start sd_pca
2016-11-11 14:43:05,986 sd_pca.py[line:43] INFO selected area:十堰市 咸宁市 孝感市 宜昌市 恩施土家族苗族自治州 武汉市 荆州市 荆门市 襄阳市 鄂州市 随州市 黄冈市 黄石市
2016-11-11 14:43:05,990 sd_pca.py[line:69] INFO cleaned  area:十堰市 咸宁市 孝感市 宜昌市 恩施土家族苗族自治州 武汉市 荆州市 荆门市 襄阳市 鄂州市 随州市 黄冈市 黄石市
2016-11-11 14:43:05,990 sd_pca.py[line:70] INFO selected indi:人均地区生产总值 全社会固定资产投资 全社会消费品零售总额 农村居民人均纯收入 地区生产总值 城镇居民人均储蓄存款 城镇居民人均可支配收入 第一产业总产值 第三产业总产值 第二产业总产值 财政收入
2016-11-17 16:09:17,358 sd_pca.py[line:50] INFO start sd_pca
2016-11-17 16:09:17,371 sd_pca.py[line:43] INFO selected area:十堰市 咸宁市 孝感市 宜昌市 恩施土家族苗族自治州 武汉市 荆州市 荆门市 襄阳市 鄂州市 随州市 黄冈市 黄石市
2016-11-17 16:09:17,372 sd_pca.py[line:69] INFO cleaned  area:十堰市 咸宁市 孝感市 宜昌市 恩施土家族苗族自治州 武汉市 荆州市 荆门市 襄阳市 鄂州市 随州市 黄冈市 黄石市
2016-11-17 16:09:17,374 sd_pca.py[line:70] INFO selected indi:人均地区生产总值 全社会固定资产投资 全社会消费品零售总额 农村居民人均纯收入 地区生产总值 城镇居民人均储蓄存款 城镇居民人均可支配收入 第一产业总产值 第三产业总产值 第二产业总产值 财政收入
2016-11-17 16:10:15,749 sd_pca.py[line:50] INFO start sd_pca
2016-11-17 16:10:15,760 sd_pca.py[line:43] INFO selected area:十堰市 咸宁市 孝感市 宜昌市 恩施土家族苗族自治州 武汉市 荆州市 荆门市 襄阳市 鄂州市 随州市 黄冈市 黄石市
2016-11-17 16:10:15,763 sd_pca.py[line:69] INFO cleaned  area:十堰市 咸宁市 孝感市 宜昌市 恩施土家族苗族自治州 武汉市 荆州市 荆门市 襄阳市 鄂州市 随州市 黄冈市 黄石市
2016-11-17 16:10:15,763 sd_pca.py[line:70] INFO selected indi:人均地区生产总值 全社会固定资产投资 全社会消费品零售总额 农村居民人均纯收入 地区生产总值 城镇居民人均储蓄存款 城镇居民人均可支配收入 第一产业总产值 第三产业总产值 第二产业总产值 财政收入
2016-11-17 16:10:27,365 sd_pca.py[line:50] INFO start sd_pca
2016-11-17 16:10:27,378 sd_pca.py[line:43] INFO selected area:十堰市 咸宁市 孝感市 宜昌市 恩施土家族苗族自治州 武汉市 荆州市 荆门市 襄阳市 鄂州市 随州市 黄冈市 黄石市
2016-11-17 16:10:27,381 sd_pca.py[line:69] INFO cleaned  area:十堰市 咸宁市 孝感市 宜昌市 恩施土家族苗族自治州 武汉市 荆州市 荆门市 襄阳市 鄂州市 随州市 黄冈市 黄石市
2016-11-17 16:10:27,381 sd_pca.py[line:70] INFO selected indi:人均地区生产总值 全社会固定资产投资 全社会消费品零售总额 农村居民人均纯收入 地区生产总值 城镇居民人均储蓄存款 城镇居民人均可支配收入 第一产业总产值 第三产业总产值 第二产业总产值 财政收入
2016-11-17 16:18:39,246 sd_pca.py[line:50] INFO start sd_pca
2016-11-17 16:18:39,257 sd_pca.py[line:43] INFO selected area:十堰市 咸宁市 孝感市 宜昌市 恩施土家族苗族自治州 武汉市 荆州市 荆门市 襄阳市 鄂州市 随州市 黄冈市 黄石市
2016-11-17 16:18:39,260 sd_pca.py[line:69] INFO cleaned  area:十堰市 咸宁市 孝感市 宜昌市 恩施土家族苗族自治州 武汉市 荆州市 荆门市 襄阳市 鄂州市 随州市 黄冈市 黄石市
2016-11-17 16:18:39,260 sd_pca.py[line:70] INFO selected indi:人均地区生产总值 全社会固定资产投资 全社会消费品零售总额 农村居民人均纯收入 地区生产总值 城镇居民人均储蓄存款 城镇居民人均可支配收入 第一产业总产值 第三产业总产值 第二产业总产值 财政收入
2016-11-18 10:47:42,302 sd_pca.py[line:50] INFO start sd_pca
2016-11-18 10:47:42,315 sd_pca.py[line:43] INFO selected area:十堰市 咸宁市 孝感市 宜昌市 恩施土家族苗族自治州 武汉市 荆州市 荆门市 襄阳市 鄂州市 随州市 黄冈市 黄石市
2016-11-18 10:47:42,318 sd_pca.py[line:69] INFO cleaned  area:十堰市 咸宁市 孝感市 宜昌市 恩施土家族苗族自治州 武汉市 荆州市 荆门市 襄阳市 鄂州市 随州市 黄冈市 黄石市
2016-11-18 10:47:42,318 sd_pca.py[line:70] INFO selected indi:人均地区生产总值 全社会固定资产投资 全社会消费品零售总额 农村居民人均纯收入 地区生产总值 城镇居民人均储蓄存款 城镇居民人均可支配收入 第一产业总产值 第三产业总产值 第二产业总产值 财政收入
2016-11-22 10:51:17,164 sd_pca.py[line:50] INFO start sd_pca
2016-11-22 10:51:17,190 sd_pca.py[line:43] INFO selected area:十堰市 咸宁市 孝感市 宜昌市 恩施土家族苗族自治州 武汉市 荆州市 荆门市 襄阳市 鄂州市 随州市 黄冈市 黄石市
2016-11-22 10:51:17,220 sd_pca.py[line:69] INFO cleaned  area:十堰市 咸宁市 孝感市 宜昌市 恩施土家族苗族自治州 武汉市 荆州市 荆门市 襄阳市 鄂州市 随州市 黄冈市 黄石市
2016-11-22 10:51:17,220 sd_pca.py[line:70] INFO selected indi:人均地区生产总值 全社会固定资产投资 全社会消费品零售总额 农村居民人均纯收入 地区生产总值 城镇居民人均储蓄存款 城镇居民人均可支配收入 第一产业总产值 第三产业总产值 第二产业总产值 财政收入
2016-11-22 10:52:39,433 sd_pca.py[line:50] INFO start sd_pca
2016-11-22 10:52:39,446 sd_pca.py[line:43] INFO selected area:十堰市 咸宁市 孝感市 宜昌市 恩施土家族苗族自治州 武汉市 荆州市 荆门市 襄阳市 鄂州市 随州市 黄冈市 黄石市
2016-11-22 10:52:39,447 sd_pca.py[line:69] INFO cleaned  area:十堰市 咸宁市 孝感市 宜昌市 恩施土家族苗族自治州 武汉市 荆州市 荆门市 襄阳市 鄂州市 随州市 黄冈市 黄石市
2016-11-22 10:52:39,448 sd_pca.py[line:70] INFO selected indi:人均地区生产总值 全社会固定资产投资 全社会消费品零售总额 农村居民人均纯收入 地区生产总值 城镇居民人均储蓄存款 城镇居民人均可支配收入 第一产业总产值 第三产业总产值 第二产业总产值 财政收入
2016-11-28 18:18:12,842 sd_pca.py[line:50] INFO start sd_pca
2016-11-28 18:18:12,855 sd_pca.py[line:43] INFO selected area:中国 北京市 天津市
2016-11-28 18:18:12,857 sd_pca.py[line:69] INFO cleaned  area:中国 北京市 天津市
2016-11-28 18:18:12,857 sd_pca.py[line:70] INFO selected indi:GDP GDP增长率 GDP指数 人均GDP
2016-11-28 18:20:13,217 sd_pca.py[line:50] INFO start sd_pca
2016-11-28 18:20:13,227 sd_pca.py[line:43] INFO selected area:中国 北京市 天津市
2016-11-28 18:20:13,230 sd_pca.py[line:69] INFO cleaned  area:中国 北京市 天津市
2016-11-28 18:20:13,230 sd_pca.py[line:70] INFO selected indi:GDP GDP增长率 GDP指数 人均GDP
2016-11-28 18:20:49,645 sd_pca.py[line:50] INFO start sd_pca
2016-11-28 18:20:49,661 sd_pca.py[line:43] INFO selected area:中国 北京市 天津市
2016-11-28 18:20:49,663 sd_pca.py[line:69] INFO cleaned  area:中国 北京市 天津市
2016-11-28 18:20:49,663 sd_pca.py[line:70] INFO selected indi:GDP GDP增长率 GDP指数 人均GDP
2016-11-30 13:40:10,789 sd_pca.py[line:50] INFO start sd_pca
2016-11-30 13:40:10,801 sd_pca.py[line:43] INFO selected area:中国 北京市
2016-11-30 13:40:10,813 sd_pca.py[line:69] INFO cleaned  area:中国 北京市
2016-11-30 13:40:10,813 sd_pca.py[line:70] INFO selected indi:GDP 固定资产投资额 城市居民消费价格指数 工业增加值 建筑业总产值 房地产待开发土地面积
2016-11-30 13:40:41,796 sd_pca.py[line:50] INFO start sd_pca
2016-11-30 13:40:41,812 sd_pca.py[line:43] INFO selected area:中国 内蒙古 北京市 天津市 山西省 河北省
2016-11-30 13:40:41,825 sd_pca.py[line:69] INFO cleaned  area:中国 内蒙古 北京市 天津市 山西省 河北省
2016-11-30 13:40:41,826 sd_pca.py[line:70] INFO selected indi:GDP 固定资产投资额 城市居民消费价格指数 工业增加值 建筑业总产值 房地产待开发土地面积
2016-12-06 17:08:22,237 sd_pca.py[line:50] INFO start sd_pca
2016-12-06 17:08:22,250 sd_pca.py[line:43] INFO selected area:十堰市 咸宁市 孝感市 宜昌市 恩施土家族苗族自治州 武汉市 荆州市 荆门市 襄阳市 鄂州市 随州市 黄冈市 黄石市
2016-12-06 17:08:22,253 sd_pca.py[line:69] INFO cleaned  area:十堰市 咸宁市 孝感市 宜昌市 恩施土家族苗族自治州 武汉市 荆州市 荆门市 襄阳市 鄂州市 随州市 黄冈市 黄石市
2016-12-06 17:08:22,253 sd_pca.py[line:70] INFO selected indi:人均地区生产总值 全社会固定资产投资 全社会消费品零售总额 农村居民人均纯收入 地区生产总值 城镇居民人均储蓄存款 城镇居民人均可支配收入 第一产业总产值 第三产业总产值 第二产业总产值 财政收入
2016-12-20 10:34:19,055 sd_pca.py[line:50] INFO start sd_pca
2016-12-20 10:34:19,066 sd_pca.py[line:43] INFO selected area:十堰市 咸宁市 孝感市 宜昌市 恩施土家族苗族自治州 武汉市 荆州市 荆门市 襄阳市 鄂州市 随州市 黄冈市 黄石市
2016-12-20 10:34:19,069 sd_pca.py[line:69] INFO cleaned  area:十堰市 咸宁市 孝感市 宜昌市 恩施土家族苗族自治州 武汉市 荆州市 荆门市 襄阳市 鄂州市 随州市 黄冈市 黄石市
2016-12-20 10:34:19,069 sd_pca.py[line:70] INFO selected indi:人均地区生产总值 全社会固定资产投资 全社会消费品零售总额 农村居民人均纯收入 地区生产总值 城镇居民人均储蓄存款 城镇居民人均可支配收入 第一产业总产值 第三产业总产值 第二产业总产值 财政收入
2016-12-21 09:06:03,556 sd_pca.py[line:50] INFO start sd_pca
2016-12-21 09:06:03,569 sd_pca.py[line:43] INFO selected area:十堰市 咸宁市 孝感市 宜昌市 恩施土家族苗族自治州 武汉市 荆州市 荆门市 襄阳市 鄂州市 随州市 黄冈市 黄石市
2016-12-21 09:06:03,572 sd_pca.py[line:69] INFO cleaned  area:十堰市 咸宁市 孝感市 宜昌市 恩施土家族苗族自治州 武汉市 荆州市 荆门市 襄阳市 鄂州市 随州市 黄冈市 黄石市
2016-12-21 09:06:03,572 sd_pca.py[line:70] INFO selected indi:人均地区生产总值 全社会固定资产投资 全社会消费品零售总额 农村居民人均纯收入 地区生产总值 城镇居民人均储蓄存款 城镇居民人均可支配收入 第一产业总产值 第三产业总产值 第二产业总产值 财政收入
2016-12-22 10:53:11,822 sd_pca.py[line:50] INFO start sd_pca
2016-12-22 10:53:11,836 sd_pca.py[line:43] INFO selected area:南京市 厦门市 哈尔滨市 大连市 宁波市 广州市 成都市 杭州市 武汉市 沈阳市 济南市 深圳市 西安市 长春市 青岛市
2016-12-22 10:53:11,855 sd_pca.py[line:69] INFO cleaned  area:南京市 厦门市 哈尔滨市 大连市 宁波市 广州市 成都市 杭州市 武汉市 沈阳市 济南市 深圳市 西安市 长春市 青岛市
2016-12-22 10:53:11,855 sd_pca.py[line:70] INFO selected indi:GDP增长率 专利申请数 人均公园绿地面积 人均地区生产总值 人均城市道路面积 全社会固定资产投资 公共图书馆数 地区生产总值 地方财政预算内支出 地方财政预算内收入 城乡居民储蓄年末余额 城市建区面积 城镇居民家庭人均可支配收入 客运总量 居民消费价格指数 居民生活用水 工业增加值 市区非农业人口 年末实有城市道路面积 年末金融机构存款余额 年末金融机构贷款余额 建成区绿化覆盖率 普通高校在校学生数 污水处理率 生活垃圾无害化处理率 研发经费总支出 社会消费品零售总额 科技活动人员数 第三产业占GDP的比重 第二产业占GDP的比重 货运总量 进出口总额 邮电业务总量
2016-12-22 15:59:18,078 sd_pca.py[line:50] INFO start sd_pca
2016-12-22 15:59:18,092 sd_pca.py[line:43] INFO selected area:十堰市 咸宁市 孝感市 宜昌市 恩施土家族苗族自治州 武汉市 荆州市 荆门市 襄阳市 鄂州市 随州市 黄冈市 黄石市
2016-12-22 15:59:18,094 sd_pca.py[line:69] INFO cleaned  area:十堰市 咸宁市 孝感市 宜昌市 恩施土家族苗族自治州 武汉市 荆州市 荆门市 襄阳市 鄂州市 随州市 黄冈市 黄石市
2016-12-22 15:59:18,094 sd_pca.py[line:70] INFO selected indi:人均地区生产总值 全社会固定资产投资 全社会消费品零售总额 农村居民人均纯收入 地区生产总值 城镇居民人均储蓄存款 城镇居民人均可支配收入 第一产业总产值 第三产业总产值 第二产业总产值 财政收入
2017-01-09 10:56:30,605 sd_pca.py[line:50] INFO start sd_pca
2017-01-09 10:56:30,618 sd_pca.py[line:43] INFO selected area:上海市 乌鲁木齐市 兰州市 北京市 南京市 南宁市 南昌市 合肥市 呼和浩特市 哈尔滨市 天津市 太原市 广州市 成都市 拉萨市 昆明市 杭州市 武汉市 沈阳市 济南市 海口市 石家庄市 福州市 西宁市 西安市 贵阳市 郑州市 重庆市 银川市 长春市 长沙市
2017-01-09 10:56:30,621 sd_pca.py[line:69] INFO cleaned  area:上海市 乌鲁木齐市 兰州市 北京市 南京市 南宁市 南昌市 合肥市 呼和浩特市 哈尔滨市 天津市 太原市 广州市 成都市 拉萨市 昆明市 杭州市 武汉市 沈阳市 济南市 海口市 石家庄市 福州市 西宁市 西安市 贵阳市 郑州市 重庆市 银川市 长春市 长沙市
2017-01-09 10:56:30,621 sd_pca.py[line:70] INFO selected indi:一氧化碳日均值第95百分位浓度 二氧化氮年平均浓度 二氧化硫年平均浓度 可吸入颗粒物（PM10）年平均浓度 空气质量达到及好于二级的天数 细颗粒物（PM2.5）年平均浓度 臭氧（O3）日最大8小时第90百分位浓度
2017-01-09 10:56:46,046 sd_pca.py[line:50] INFO start sd_pca
2017-01-09 10:56:46,059 sd_pca.py[line:43] INFO selected area:上海市 乌鲁木齐市 兰州市 北京市 南京市 南宁市 南昌市 合肥市 呼和浩特市 哈尔滨市 天津市 太原市 广州市 成都市 拉萨市 昆明市 杭州市 武汉市 沈阳市 济南市 海口市 石家庄市 福州市 西宁市 西安市 贵阳市 郑州市 重庆市 银川市 长春市 长沙市
2017-01-09 10:56:46,062 sd_pca.py[line:69] INFO cleaned  area:上海市 乌鲁木齐市 兰州市 北京市 南京市 南宁市 南昌市 合肥市 呼和浩特市 哈尔滨市 天津市 太原市 广州市 成都市 拉萨市 昆明市 杭州市 武汉市 沈阳市 济南市 海口市 石家庄市 福州市 西宁市 西安市 贵阳市 郑州市 重庆市 银川市 长春市 长沙市
2017-01-09 10:56:46,062 sd_pca.py[line:70] INFO selected indi:一氧化碳日均值第95百分位浓度 二氧化氮年平均浓度 二氧化硫年平均浓度 可吸入颗粒物（PM10）年平均浓度 空气质量达到及好于二级的天数 细颗粒物（PM2.5）年平均浓度 臭氧（O3）日最大8小时第90百分位浓度
2017-02-17 08:55:44,941 sd_pca.py[line:50] INFO start sd_pca
2017-02-17 08:55:44,963 sd_pca.py[line:43] INFO selected area:内蒙古 北京市 天津市 山西省 河北省
2017-02-17 08:55:45,039 sd_pca.py[line:69] INFO cleaned  area:内蒙古 北京市 天津市 山西省 河北省
2017-02-17 08:55:45,039 sd_pca.py[line:70] INFO selected indi:X1人均水资源量 X2常住人口密度 X3人均公园绿地面积 X4城市绿化覆盖率 X5万元地区生产总值水耗 X6万元地区生产总值能耗 X7能源消费弹性系数 X8电力消费弹性系数
2017-02-17 09:09:52,966 sd_pca.py[line:50] INFO start sd_pca
2017-02-17 09:09:52,976 sd_pca.py[line:43] INFO selected area:内蒙古 北京市 天津市 山西省 河北省
2017-02-17 09:09:53,003 sd_pca.py[line:69] INFO cleaned  area:内蒙古 北京市 天津市 山西省 河北省
2017-02-17 09:09:53,003 sd_pca.py[line:70] INFO selected indi:X10工业废水排放未达标率 X11空气质量未达二级天数 X12可吸入颗粒物年日均值 X13二氧化碳年日均值 X14二氧化氮年日均值 X15二氧化硫排放量 X16烟尘排放量 X17生活垃圾未处理率 X18区域环境噪声平均值 X19道路交通干线噪声平均值 X9污水未处理率
2017-02-17 09:10:32,874 sd_pca.py[line:50] INFO start sd_pca
2017-02-17 09:10:32,885 sd_pca.py[line:43] INFO selected area:内蒙古 北京市 天津市 山西省 河北省
2017-02-17 09:10:32,894 sd_pca.py[line:69] INFO cleaned  area:内蒙古 北京市 天津市 山西省 河北省
2017-02-17 09:10:32,894 sd_pca.py[line:70] INFO selected indi:X10工业废水排放未达标率 X11空气质量未达二级天数 X12可吸入颗粒物年日均值 X13二氧化碳年日均值 X14二氧化氮年日均值 X15二氧化硫排放量 X16烟尘排放量 X17生活垃圾未处理率 X18区域环境噪声平均值 X19道路交通干线噪声平均值 X9污水未处理率
2017-02-17 09:10:45,323 sd_pca.py[line:50] INFO start sd_pca
2017-02-17 09:10:45,335 sd_pca.py[line:43] INFO selected area:内蒙古 北京市 天津市 山西省 河北省
2017-02-17 09:10:45,338 sd_pca.py[line:69] INFO cleaned  area:内蒙古 北京市 天津市 山西省 河北省
2017-02-17 09:10:45,338 sd_pca.py[line:70] INFO selected indi:X10工业废水排放未达标率 X11空气质量未达二级天数 X12可吸入颗粒物年日均值 X13二氧化碳年日均值 X14二氧化氮年日均值 X15二氧化硫排放量 X16烟尘排放量 X17生活垃圾未处理率 X18区域环境噪声平均值 X19道路交通干线噪声平均值 X9污水未处理率
2017-03-17 13:26:52,102 sd_pca.py[line:50] INFO start sd_pca
2017-03-17 13:26:52,121 sd_pca.py[line:43] INFO selected area:内蒙古 北京市 天津市 山西省
2017-03-17 13:26:52,121 sd_pca.py[line:69] INFO cleaned  area:内蒙古 北京市 天津市 山西省
2017-03-17 13:26:52,122 sd_pca.py[line:70] INFO selected indi:GDP 第一产业增加值 第三产业增加值 第二产业增加值
2017-04-14 10:18:46,484 sd_pca.py[line:50] INFO start sd_pca
2017-04-14 10:18:46,489 sd_pca.py[line:43] INFO selected area:内蒙古 北京市 天津市 山西省 河北省
2017-04-14 10:18:46,489 sd_pca.py[line:69] INFO cleaned  area:内蒙古 北京市 天津市 山西省 河北省
2017-04-14 10:18:46,489 sd_pca.py[line:70] INFO selected indi:GDP 第一产业增加值 第三产业增加值 第二产业增加值
2017-04-14 10:31:31,881 sd_pca.py[line:50] INFO start sd_pca
2017-04-14 10:31:31,884 sd_pca.py[line:43] INFO selected area:内蒙古 北京市 天津市 山西省 河北省
2017-04-14 10:31:31,885 sd_pca.py[line:69] INFO cleaned  area:内蒙古 北京市 天津市 山西省 河北省
2017-04-14 10:31:31,885 sd_pca.py[line:70] INFO selected indi:GDP 第一产业增加值 第三产业增加值 第二产业增加值
2017-04-14 10:32:04,789 sd_pca.py[line:50] INFO start sd_pca
2017-04-14 10:32:04,792 sd_pca.py[line:43] INFO selected area:内蒙古 北京市 天津市 山西省 河北省
2017-04-14 10:32:04,792 sd_pca.py[line:69] INFO cleaned  area:内蒙古 北京市 天津市 山西省 河北省
2017-04-14 10:32:04,793 sd_pca.py[line:70] INFO selected indi:GDP 第一产业增加值 第三产业增加值 第二产业增加值
2017-04-14 10:32:33,997 sd_pca.py[line:50] INFO start sd_pca
2017-04-14 10:32:34,000 sd_pca.py[line:43] INFO selected area:内蒙古 北京市 天津市 山西省 河北省
2017-04-14 10:32:34,002 sd_pca.py[line:69] INFO cleaned  area:内蒙古 北京市 天津市 山西省 河北省
2017-04-14 10:32:34,002 sd_pca.py[line:70] INFO selected indi:GDP 第一产业增加值 第三产业增加值 第二产业增加值
2017-04-14 10:33:14,289 sd_pca.py[line:50] INFO start sd_pca
2017-04-14 10:33:14,292 sd_pca.py[line:43] INFO selected area:内蒙古 北京市 天津市 山西省 河北省
2017-04-14 10:33:14,292 sd_pca.py[line:69] INFO cleaned  area:内蒙古 北京市 天津市 山西省 河北省
2017-04-14 10:33:14,292 sd_pca.py[line:70] INFO selected indi:GDP 第一产业增加值 第三产业增加值 第二产业增加值
2017-04-14 10:40:35,704 sd_pca.py[line:50] INFO start sd_pca
2017-04-14 10:40:35,707 sd_pca.py[line:43] INFO selected area:内蒙古 北京市 天津市 山西省 河北省
2017-04-14 10:40:35,709 sd_pca.py[line:69] INFO cleaned  area:内蒙古 北京市 天津市 山西省 河北省
2017-04-14 10:40:35,709 sd_pca.py[line:70] INFO selected indi:GDP 第一产业增加值 第三产业增加值 第二产业增加值
2017-04-14 11:08:37,198 sd_pca.py[line:50] INFO start sd_pca
2017-04-14 11:08:37,201 sd_pca.py[line:43] INFO selected area:内蒙古 北京市 天津市 山西省 河北省
2017-04-14 11:08:37,201 sd_pca.py[line:69] INFO cleaned  area:内蒙古 北京市 天津市 山西省 河北省
2017-04-14 11:08:37,203 sd_pca.py[line:70] INFO selected indi:GDP 第一产业增加值 第三产业增加值 第二产业增加值
2017-04-17 16:26:06,095 sd_pca.py[line:50] INFO start sd_pca
2017-04-17 16:26:06,098 sd_pca.py[line:43] INFO selected area:北京市 吉林省 天津市 河北省 黑龙江
2017-04-17 16:26:06,114 sd_pca.py[line:69] INFO cleaned  area:北京市 吉林省 天津市 河北省 黑龙江
2017-04-17 16:26:06,114 sd_pca.py[line:70] INFO selected indi:GDP 人均GDP 人均GDP指数 第一产业增加值 第三产业增加值 第二产业占GDP比重 第二产业增加值
